{"/home/barry/lynk/api/ai/chat.ts": {"path":"/home/barry/lynk/api/ai/chat.ts","statementMap":{"0":{"start":{"line":59,"column":2},"end":{"line":68,"column":null}},"1":{"start":{"line":61,"column":6},"end":{"line":61,"column":null}},"2":{"start":{"line":63,"column":6},"end":{"line":63,"column":null}},"3":{"start":{"line":65,"column":6},"end":{"line":65,"column":null}},"4":{"start":{"line":67,"column":6},"end":{"line":67,"column":null}},"5":{"start":{"line":75,"column":18},"end":{"line":127,"column":null}},"6":{"start":{"line":132,"column":2},"end":{"line":132,"column":null}},"7":{"start":{"line":132,"column":22},"end":{"line":132,"column":null}},"8":{"start":{"line":133,"column":44},"end":{"line":133,"column":null}},"9":{"start":{"line":134,"column":2},"end":{"line":138,"column":null}},"10":{"start":{"line":135,"column":4},"end":{"line":137,"column":null}},"11":{"start":{"line":136,"column":6},"end":{"line":136,"column":null}},"12":{"start":{"line":139,"column":2},"end":{"line":139,"column":null}},"13":{"start":{"line":146,"column":38},"end":{"line":146,"column":null}},"14":{"start":{"line":165,"column":31},"end":{"line":165,"column":null}},"15":{"start":{"line":175,"column":35},"end":{"line":175,"column":null}},"16":{"start":{"line":192,"column":32},"end":{"line":192,"column":null}},"17":{"start":{"line":213,"column":33},"end":{"line":213,"column":null}},"18":{"start":{"line":215,"column":2},"end":{"line":279,"column":null}},"19":{"start":{"line":215,"column":15},"end":{"line":215,"column":18}},"20":{"start":{"line":216,"column":16},"end":{"line":216,"column":null}},"21":{"start":{"line":218,"column":4},"end":{"line":234,"column":null}},"22":{"start":{"line":219,"column":6},"end":{"line":232,"column":null}},"23":{"start":{"line":220,"column":28},"end":{"line":222,"column":null}},"24":{"start":{"line":221,"column":23},"end":{"line":221,"column":62}},"25":{"start":{"line":223,"column":8},"end":{"line":231,"column":null}},"26":{"start":{"line":233,"column":6},"end":{"line":233,"column":null}},"27":{"start":{"line":236,"column":4},"end":{"line":250,"column":null}},"28":{"start":{"line":237,"column":6},"end":{"line":248,"column":null}},"29":{"start":{"line":241,"column":40},"end":{"line":246,"column":12}},"30":{"start":{"line":249,"column":6},"end":{"line":249,"column":null}},"31":{"start":{"line":252,"column":4},"end":{"line":275,"column":null}},"32":{"start":{"line":254,"column":6},"end":{"line":273,"column":null}},"33":{"start":{"line":255,"column":117},"end":{"line":255,"column":null}},"34":{"start":{"line":256,"column":8},"end":{"line":260,"column":null}},"35":{"start":{"line":257,"column":10},"end":{"line":257,"column":null}},"36":{"start":{"line":259,"column":10},"end":{"line":259,"column":null}},"37":{"start":{"line":261,"column":8},"end":{"line":269,"column":null}},"38":{"start":{"line":262,"column":10},"end":{"line":268,"column":null}},"39":{"start":{"line":263,"column":12},"end":{"line":267,"column":null}},"40":{"start":{"line":270,"column":8},"end":{"line":270,"column":null}},"41":{"start":{"line":272,"column":8},"end":{"line":272,"column":null}},"42":{"start":{"line":274,"column":6},"end":{"line":274,"column":null}},"43":{"start":{"line":278,"column":4},"end":{"line":278,"column":null}},"44":{"start":{"line":281,"column":2},"end":{"line":281,"column":null}},"45":{"start":{"line":289,"column":2},"end":{"line":291,"column":null}},"46":{"start":{"line":290,"column":4},"end":{"line":290,"column":null}},"47":{"start":{"line":293,"column":15},"end":{"line":293,"column":null}},"48":{"start":{"line":294,"column":72},"end":{"line":294,"column":null}},"49":{"start":{"line":296,"column":2},"end":{"line":298,"column":null}},"50":{"start":{"line":297,"column":4},"end":{"line":297,"column":null}},"51":{"start":{"line":300,"column":2},"end":{"line":302,"column":null}},"52":{"start":{"line":301,"column":4},"end":{"line":301,"column":null}},"53":{"start":{"line":304,"column":50},"end":{"line":309,"column":null}},"54":{"start":{"line":310,"column":17},"end":{"line":310,"column":null}},"55":{"start":{"line":313,"column":21},"end":{"line":313,"column":null}},"56":{"start":{"line":314,"column":2},"end":{"line":316,"column":null}},"57":{"start":{"line":315,"column":4},"end":{"line":315,"column":null}},"58":{"start":{"line":317,"column":2},"end":{"line":319,"column":null}},"59":{"start":{"line":318,"column":4},"end":{"line":318,"column":null}},"60":{"start":{"line":323,"column":2},"end":{"line":327,"column":null}},"61":{"start":{"line":324,"column":4},"end":{"line":324,"column":null}},"62":{"start":{"line":325,"column":2},"end":{"line":327,"column":null}},"63":{"start":{"line":326,"column":4},"end":{"line":326,"column":null}},"64":{"start":{"line":329,"column":50},"end":{"line":333,"column":null}},"65":{"start":{"line":334,"column":22},"end":{"line":334,"column":null}},"66":{"start":{"line":336,"column":2},"end":{"line":403,"column":null}},"67":{"start":{"line":337,"column":26},"end":{"line":337,"column":null}},"68":{"start":{"line":338,"column":26},"end":{"line":338,"column":null}},"69":{"start":{"line":341,"column":4},"end":{"line":373,"column":null}},"70":{"start":{"line":342,"column":12},"end":{"line":348,"column":null}},"71":{"start":{"line":350,"column":6},"end":{"line":350,"column":null}},"72":{"start":{"line":351,"column":6},"end":{"line":351,"column":null}},"73":{"start":{"line":352,"column":6},"end":{"line":352,"column":null}},"74":{"start":{"line":354,"column":6},"end":{"line":356,"column":null}},"75":{"start":{"line":355,"column":8},"end":{"line":355,"column":null}},"76":{"start":{"line":358,"column":26},"end":{"line":358,"column":null}},"77":{"start":{"line":359,"column":24},"end":{"line":365,"column":null}},"78":{"start":{"line":360,"column":45},"end":{"line":364,"column":12}},"79":{"start":{"line":367,"column":6},"end":{"line":369,"column":null}},"80":{"start":{"line":368,"column":8},"end":{"line":368,"column":null}},"81":{"start":{"line":371,"column":6},"end":{"line":371,"column":null}},"82":{"start":{"line":372,"column":6},"end":{"line":372,"column":null}},"83":{"start":{"line":376,"column":19},"end":{"line":382,"column":null}},"84":{"start":{"line":384,"column":22},"end":{"line":390,"column":null}},"85":{"start":{"line":385,"column":38},"end":{"line":389,"column":10}},"86":{"start":{"line":392,"column":4},"end":{"line":395,"column":null}},"87":{"start":{"line":397,"column":20},"end":{"line":397,"column":null}},"88":{"start":{"line":399,"column":6},"end":{"line":401,"column":null}},"89":{"start":{"line":402,"column":4},"end":{"line":402,"column":null}}},"fnMap":{"0":{"name":"resolveModel","decl":{"start":{"line":58,"column":16},"end":{"line":58,"column":29}},"loc":{"start":{"line":58,"column":78},"end":{"line":69,"column":null}},"line":58},"1":{"name":"getTools","decl":{"start":{"line":131,"column":16},"end":{"line":131,"column":25}},"loc":{"start":{"line":131,"column":43},"end":{"line":140,"column":null}},"line":131},"2":{"name":"toModelMessages","decl":{"start":{"line":208,"column":16},"end":{"line":208,"column":null}},"loc":{"start":{"line":212,"column":18},"end":{"line":282,"column":null}},"line":212},"3":{"name":"(anonymous_3)","decl":{"start":{"line":221,"column":15},"end":{"line":221,"column":16}},"loc":{"start":{"line":221,"column":23},"end":{"line":221,"column":62}},"line":221},"4":{"name":"(anonymous_4)","decl":{"start":{"line":241,"column":31},"end":{"line":241,"column":32}},"loc":{"start":{"line":241,"column":40},"end":{"line":246,"column":12}},"line":241},"5":{"name":"handler","decl":{"start":{"line":288,"column":30},"end":{"line":288,"column":38}},"loc":{"start":{"line":288,"column":79},"end":{"line":404,"column":null}},"line":288},"6":{"name":"(anonymous_6)","decl":{"start":{"line":360,"column":36},"end":{"line":360,"column":37}},"loc":{"start":{"line":360,"column":45},"end":{"line":364,"column":12}},"line":360},"7":{"name":"(anonymous_7)","decl":{"start":{"line":385,"column":29},"end":{"line":385,"column":30}},"loc":{"start":{"line":385,"column":38},"end":{"line":389,"column":10}},"line":385}},"branchMap":{"0":{"loc":{"start":{"line":59,"column":2},"end":{"line":68,"column":null}},"type":"switch","locations":[{"start":{"line":60,"column":4},"end":{"line":61,"column":null}},{"start":{"line":62,"column":4},"end":{"line":63,"column":null}},{"start":{"line":64,"column":4},"end":{"line":65,"column":null}},{"start":{"line":66,"column":4},"end":{"line":67,"column":null}}],"line":59},"1":{"loc":{"start":{"line":132,"column":2},"end":{"line":132,"column":null}},"type":"if","locations":[{"start":{"line":132,"column":2},"end":{"line":132,"column":null}},{"start":{},"end":{}}],"line":132},"2":{"loc":{"start":{"line":135,"column":4},"end":{"line":137,"column":null}},"type":"if","locations":[{"start":{"line":135,"column":4},"end":{"line":137,"column":null}},{"start":{},"end":{}}],"line":135},"3":{"loc":{"start":{"line":218,"column":4},"end":{"line":234,"column":null}},"type":"if","locations":[{"start":{"line":218,"column":4},"end":{"line":234,"column":null}},{"start":{},"end":{}}],"line":218},"4":{"loc":{"start":{"line":218,"column":8},"end":{"line":218,"column":55}},"type":"binary-expr","locations":[{"start":{"line":218,"column":8},"end":{"line":218,"column":38}},{"start":{"line":218,"column":38},"end":{"line":218,"column":55}}],"line":218},"5":{"loc":{"start":{"line":221,"column":23},"end":{"line":221,"column":62}},"type":"cond-expr","locations":[{"start":{"line":221,"column":43},"end":{"line":221,"column":52}},{"start":{"line":221,"column":52},"end":{"line":221,"column":62}}],"line":221},"6":{"loc":{"start":{"line":236,"column":4},"end":{"line":250,"column":null}},"type":"if","locations":[{"start":{"line":236,"column":4},"end":{"line":250,"column":null}},{"start":{},"end":{}}],"line":236},"7":{"loc":{"start":{"line":236,"column":8},"end":{"line":236,"column":59}},"type":"binary-expr","locations":[{"start":{"line":236,"column":8},"end":{"line":236,"column":36}},{"start":{"line":236,"column":36},"end":{"line":236,"column":59}}],"line":236},"8":{"loc":{"start":{"line":240,"column":14},"end":{"line":240,"column":null}},"type":"cond-expr","locations":[{"start":{"line":240,"column":28},"end":{"line":240,"column":77}},{"start":{"line":240,"column":77},"end":{"line":240,"column":null}}],"line":240},"9":{"loc":{"start":{"line":252,"column":4},"end":{"line":275,"column":null}},"type":"if","locations":[{"start":{"line":252,"column":4},"end":{"line":275,"column":null}},{"start":{},"end":{}}],"line":252},"10":{"loc":{"start":{"line":254,"column":6},"end":{"line":273,"column":null}},"type":"if","locations":[{"start":{"line":254,"column":6},"end":{"line":273,"column":null}},{"start":{"line":271,"column":13},"end":{"line":273,"column":null}}],"line":254},"11":{"loc":{"start":{"line":254,"column":10},"end":{"line":254,"column":55}},"type":"binary-expr","locations":[{"start":{"line":254,"column":10},"end":{"line":254,"column":22}},{"start":{"line":254,"column":22},"end":{"line":254,"column":38}},{"start":{"line":254,"column":38},"end":{"line":254,"column":55}}],"line":254},"12":{"loc":{"start":{"line":256,"column":8},"end":{"line":260,"column":null}},"type":"if","locations":[{"start":{"line":256,"column":8},"end":{"line":260,"column":null}},{"start":{"line":258,"column":15},"end":{"line":260,"column":null}}],"line":256},"13":{"loc":{"start":{"line":261,"column":8},"end":{"line":269,"column":null}},"type":"if","locations":[{"start":{"line":261,"column":8},"end":{"line":269,"column":null}},{"start":{},"end":{}}],"line":261},"14":{"loc":{"start":{"line":289,"column":2},"end":{"line":291,"column":null}},"type":"if","locations":[{"start":{"line":289,"column":2},"end":{"line":291,"column":null}},{"start":{},"end":{}}],"line":289},"15":{"loc":{"start":{"line":296,"column":2},"end":{"line":298,"column":null}},"type":"if","locations":[{"start":{"line":296,"column":2},"end":{"line":298,"column":null}},{"start":{},"end":{}}],"line":296},"16":{"loc":{"start":{"line":296,"column":6},"end":{"line":296,"column":50}},"type":"binary-expr","locations":[{"start":{"line":296,"column":6},"end":{"line":296,"column":19}},{"start":{"line":296,"column":19},"end":{"line":296,"column":31}},{"start":{"line":296,"column":31},"end":{"line":296,"column":50}}],"line":296},"17":{"loc":{"start":{"line":300,"column":2},"end":{"line":302,"column":null}},"type":"if","locations":[{"start":{"line":300,"column":2},"end":{"line":302,"column":null}},{"start":{},"end":{}}],"line":300},"18":{"loc":{"start":{"line":310,"column":17},"end":{"line":310,"column":null}},"type":"binary-expr","locations":[{"start":{"line":310,"column":17},"end":{"line":310,"column":42}},{"start":{"line":310,"column":42},"end":{"line":310,"column":null}}],"line":310},"19":{"loc":{"start":{"line":314,"column":2},"end":{"line":316,"column":null}},"type":"if","locations":[{"start":{"line":314,"column":2},"end":{"line":316,"column":null}},{"start":{},"end":{}}],"line":314},"20":{"loc":{"start":{"line":317,"column":2},"end":{"line":319,"column":null}},"type":"if","locations":[{"start":{"line":317,"column":2},"end":{"line":319,"column":null}},{"start":{},"end":{}}],"line":317},"21":{"loc":{"start":{"line":323,"column":2},"end":{"line":327,"column":null}},"type":"if","locations":[{"start":{"line":323,"column":2},"end":{"line":327,"column":null}},{"start":{"line":325,"column":2},"end":{"line":327,"column":null}}],"line":323},"22":{"loc":{"start":{"line":325,"column":2},"end":{"line":327,"column":null}},"type":"if","locations":[{"start":{"line":325,"column":2},"end":{"line":327,"column":null}},{"start":{},"end":{}}],"line":325},"23":{"loc":{"start":{"line":334,"column":22},"end":{"line":334,"column":null}},"type":"binary-expr","locations":[{"start":{"line":334,"column":22},"end":{"line":334,"column":51}},{"start":{"line":334,"column":51},"end":{"line":334,"column":null}}],"line":334},"24":{"loc":{"start":{"line":341,"column":4},"end":{"line":373,"column":null}},"type":"if","locations":[{"start":{"line":341,"column":4},"end":{"line":373,"column":null}},{"start":{},"end":{}}],"line":341},"25":{"loc":{"start":{"line":341,"column":8},"end":{"line":341,"column":44}},"type":"binary-expr","locations":[{"start":{"line":341,"column":8},"end":{"line":341,"column":23}},{"start":{"line":341,"column":23},"end":{"line":341,"column":44}}],"line":341},"26":{"loc":{"start":{"line":359,"column":24},"end":{"line":365,"column":null}},"type":"cond-expr","locations":[{"start":{"line":360,"column":10},"end":{"line":364,"column":null}},{"start":{"line":365,"column":10},"end":{"line":365,"column":null}}],"line":359},"27":{"loc":{"start":{"line":367,"column":6},"end":{"line":369,"column":null}},"type":"if","locations":[{"start":{"line":367,"column":6},"end":{"line":369,"column":null}},{"start":{},"end":{}}],"line":367},"28":{"loc":{"start":{"line":384,"column":22},"end":{"line":390,"column":null}},"type":"cond-expr","locations":[{"start":{"line":385,"column":8},"end":{"line":389,"column":null}},{"start":{"line":390,"column":8},"end":{"line":390,"column":null}}],"line":384},"29":{"loc":{"start":{"line":397,"column":20},"end":{"line":397,"column":null}},"type":"cond-expr","locations":[{"start":{"line":397,"column":43},"end":{"line":397,"column":57}},{"start":{"line":397,"column":57},"end":{"line":397,"column":null}}],"line":397},"30":{"loc":{"start":{"line":399,"column":6},"end":{"line":401,"column":null}},"type":"cond-expr","locations":[{"start":{"line":399,"column":60},"end":{"line":399,"column":null}},{"start":{"line":400,"column":8},"end":{"line":401,"column":null}}],"line":399},"31":{"loc":{"start":{"line":399,"column":6},"end":{"line":399,"column":60}},"type":"binary-expr","locations":[{"start":{"line":399,"column":6},"end":{"line":399,"column":33}},{"start":{"line":399,"column":33},"end":{"line":399,"column":60}}],"line":399},"32":{"loc":{"start":{"line":400,"column":8},"end":{"line":401,"column":null}},"type":"cond-expr","locations":[{"start":{"line":400,"column":34},"end":{"line":400,"column":null}},{"start":{"line":401,"column":8},"end":{"line":401,"column":null}}],"line":400}},"s":{"0":11,"1":7,"2":2,"3":1,"4":1,"5":1,"6":8,"7":5,"8":3,"9":3,"10":5,"11":4,"12":3,"13":1,"14":1,"15":1,"16":1,"17":14,"18":14,"19":14,"20":16,"21":16,"22":1,"23":1,"24":1,"25":1,"26":1,"27":15,"28":1,"29":1,"30":1,"31":14,"32":12,"33":4,"34":4,"35":3,"36":1,"37":4,"38":1,"39":1,"40":4,"41":8,"42":12,"43":2,"44":16,"45":10,"46":1,"47":9,"48":9,"49":9,"50":1,"51":8,"52":1,"53":7,"54":7,"55":10,"56":10,"57":1,"58":7,"59":1,"60":7,"61":1,"62":6,"63":3,"64":7,"65":7,"66":10,"67":10,"68":10,"69":10,"70":1,"71":1,"72":1,"73":1,"74":1,"75":1,"76":1,"77":1,"78":0,"79":1,"80":0,"81":1,"82":1,"83":6,"84":4,"85":1,"86":10,"87":2,"88":2,"89":2},"f":{"0":11,"1":8,"2":14,"3":1,"4":1,"5":10,"6":0,"7":1},"b":{"0":[7,2,1,1],"1":[5,3],"2":[4,1],"3":[1,15],"4":[16,1],"5":[1,0],"6":[1,14],"7":[15,3],"8":[1,0],"9":[12,2],"10":[4,8],"11":[12,11,8],"12":[3,1],"13":[1,3],"14":[1,9],"15":[1,8],"16":[9,9,8],"17":[1,7],"18":[7,0],"19":[1,9],"20":[1,6],"21":[1,6],"22":[3,3],"23":[7,0],"24":[1,9],"25":[10,1],"26":[0,1],"27":[0,1],"28":[1,3],"29":[2,0],"30":[1,1],"31":[2,1],"32":[1,0]},"meta":{"lastBranch":33,"lastFunction":8,"lastStatement":90,"seen":{"f:58:16:58:29":0,"b:60:4:61:Infinity:62:4:63:Infinity:64:4:65:Infinity:66:4:67:Infinity":0,"s:59:2:68:Infinity":0,"s:61:6:61:Infinity":1,"s:63:6:63:Infinity":2,"s:65:6:65:Infinity":3,"s:67:6:67:Infinity":4,"s:75:18:127:Infinity":5,"f:131:16:131:25":1,"b:132:2:132:Infinity:undefined:undefined:undefined:undefined":1,"s:132:2:132:Infinity":6,"s:132:22:132:Infinity":7,"s:133:44:133:Infinity":8,"s:134:2:138:Infinity":9,"b:135:4:137:Infinity:undefined:undefined:undefined:undefined":2,"s:135:4:137:Infinity":10,"s:136:6:136:Infinity":11,"s:139:2:139:Infinity":12,"s:146:38:146:Infinity":13,"s:165:31:165:Infinity":14,"s:175:35:175:Infinity":15,"s:192:32:192:Infinity":16,"f:208:16:208:Infinity":2,"s:213:33:213:Infinity":17,"s:215:2:279:Infinity":18,"s:215:15:215:18":19,"s:216:16:216:Infinity":20,"b:218:4:234:Infinity:undefined:undefined:undefined:undefined":3,"s:218:4:234:Infinity":21,"b:218:8:218:38:218:38:218:55":4,"s:219:6:232:Infinity":22,"s:220:28:222:Infinity":23,"f:221:15:221:16":3,"s:221:23:221:62":24,"b:221:43:221:52:221:52:221:62":5,"s:223:8:231:Infinity":25,"s:233:6:233:Infinity":26,"b:236:4:250:Infinity:undefined:undefined:undefined:undefined":6,"s:236:4:250:Infinity":27,"b:236:8:236:36:236:36:236:59":7,"s:237:6:248:Infinity":28,"b:240:28:240:77:240:77:240:Infinity":8,"f:241:31:241:32":4,"s:241:40:246:12":29,"s:249:6:249:Infinity":30,"b:252:4:275:Infinity:undefined:undefined:undefined:undefined":9,"s:252:4:275:Infinity":31,"b:254:6:273:Infinity:271:13:273:Infinity":10,"s:254:6:273:Infinity":32,"b:254:10:254:22:254:22:254:38:254:38:254:55":11,"s:255:117:255:Infinity":33,"b:256:8:260:Infinity:258:15:260:Infinity":12,"s:256:8:260:Infinity":34,"s:257:10:257:Infinity":35,"s:259:10:259:Infinity":36,"b:261:8:269:Infinity:undefined:undefined:undefined:undefined":13,"s:261:8:269:Infinity":37,"s:262:10:268:Infinity":38,"s:263:12:267:Infinity":39,"s:270:8:270:Infinity":40,"s:272:8:272:Infinity":41,"s:274:6:274:Infinity":42,"s:278:4:278:Infinity":43,"s:281:2:281:Infinity":44,"f:288:30:288:38":5,"b:289:2:291:Infinity:undefined:undefined:undefined:undefined":14,"s:289:2:291:Infinity":45,"s:290:4:290:Infinity":46,"s:293:15:293:Infinity":47,"s:294:72:294:Infinity":48,"b:296:2:298:Infinity:undefined:undefined:undefined:undefined":15,"s:296:2:298:Infinity":49,"b:296:6:296:19:296:19:296:31:296:31:296:50":16,"s:297:4:297:Infinity":50,"b:300:2:302:Infinity:undefined:undefined:undefined:undefined":17,"s:300:2:302:Infinity":51,"s:301:4:301:Infinity":52,"s:304:50:309:Infinity":53,"s:310:17:310:Infinity":54,"b:310:17:310:42:310:42:310:Infinity":18,"s:313:21:313:Infinity":55,"b:314:2:316:Infinity:undefined:undefined:undefined:undefined":19,"s:314:2:316:Infinity":56,"s:315:4:315:Infinity":57,"b:317:2:319:Infinity:undefined:undefined:undefined:undefined":20,"s:317:2:319:Infinity":58,"s:318:4:318:Infinity":59,"b:323:2:327:Infinity:325:2:327:Infinity":21,"s:323:2:327:Infinity":60,"s:324:4:324:Infinity":61,"b:325:2:327:Infinity:undefined:undefined:undefined:undefined":22,"s:325:2:327:Infinity":62,"s:326:4:326:Infinity":63,"s:329:50:333:Infinity":64,"s:334:22:334:Infinity":65,"b:334:22:334:51:334:51:334:Infinity":23,"s:336:2:403:Infinity":66,"s:337:26:337:Infinity":67,"s:338:26:338:Infinity":68,"b:341:4:373:Infinity:undefined:undefined:undefined:undefined":24,"s:341:4:373:Infinity":69,"b:341:8:341:23:341:23:341:44":25,"s:342:12:348:Infinity":70,"s:350:6:350:Infinity":71,"s:351:6:351:Infinity":72,"s:352:6:352:Infinity":73,"s:354:6:356:Infinity":74,"s:355:8:355:Infinity":75,"s:358:26:358:Infinity":76,"s:359:24:365:Infinity":77,"b:360:10:364:Infinity:365:10:365:Infinity":26,"f:360:36:360:37":6,"s:360:45:364:12":78,"b:367:6:369:Infinity:undefined:undefined:undefined:undefined":27,"s:367:6:369:Infinity":79,"s:368:8:368:Infinity":80,"s:371:6:371:Infinity":81,"s:372:6:372:Infinity":82,"s:376:19:382:Infinity":83,"s:384:22:390:Infinity":84,"b:385:8:389:Infinity:390:8:390:Infinity":28,"f:385:29:385:30":7,"s:385:38:389:10":85,"s:392:4:395:Infinity":86,"s:397:20:397:Infinity":87,"b:397:43:397:57:397:57:397:Infinity":29,"s:399:6:401:Infinity":88,"b:399:60:399:Infinity:400:8:401:Infinity":30,"b:399:6:399:33:399:33:399:60":31,"b:400:34:400:Infinity:401:8:401:Infinity":32,"s:402:4:402:Infinity":89}}}
,"/home/barry/lynk/src/components/canvas/nodeDefaults.ts": {"path":"/home/barry/lynk/src/components/canvas/nodeDefaults.ts","statementMap":{"0":{"start":{"line":4,"column":55},"end":{"line":12,"column":null}},"1":{"start":{"line":14,"column":51},"end":{"line":23,"column":null}},"2":{"start":{"line":25,"column":59},"end":{"line":32,"column":null}},"3":{"start":{"line":34,"column":47},"end":{"line":37,"column":null}},"4":{"start":{"line":39,"column":47},"end":{"line":45,"column":null}}},"fnMap":{},"branchMap":{},"s":{"0":1,"1":1,"2":1,"3":1,"4":1},"f":{},"b":{},"meta":{"lastBranch":0,"lastFunction":0,"lastStatement":5,"seen":{"s:4:55:12:Infinity":0,"s:14:51:23:Infinity":1,"s:25:59:32:Infinity":2,"s:34:47:37:Infinity":3,"s:39:47:45:Infinity":4}}}
,"/home/barry/lynk/src/components/nodes/index.ts": {"path":"/home/barry/lynk/src/components/nodes/index.ts","statementMap":{},"fnMap":{},"branchMap":{},"s":{},"f":{},"b":{},"meta":{"lastBranch":0,"lastFunction":0,"lastStatement":0,"seen":{}}}
,"/home/barry/lynk/src/config/ai.ts": {"path":"/home/barry/lynk/src/config/ai.ts","statementMap":{"0":{"start":{"line":4,"column":35},"end":{"line":4,"column":null}}},"fnMap":{},"branchMap":{},"s":{"0":1},"f":{},"b":{},"meta":{"lastBranch":0,"lastFunction":0,"lastStatement":1,"seen":{"s:4:35:4:Infinity":0}}}
,"/home/barry/lynk/src/core/engine/connectionValidation.ts": {"path":"/home/barry/lynk/src/core/engine/connectionValidation.ts","statementMap":{"0":{"start":{"line":26,"column":2},"end":{"line":28,"column":null}},"1":{"start":{"line":27,"column":4},"end":{"line":27,"column":null}},"2":{"start":{"line":31,"column":2},"end":{"line":33,"column":null}},"3":{"start":{"line":32,"column":4},"end":{"line":32,"column":null}},"4":{"start":{"line":36,"column":2},"end":{"line":38,"column":null}},"5":{"start":{"line":37,"column":4},"end":{"line":37,"column":null}},"6":{"start":{"line":41,"column":21},"end":{"line":41,"column":null}},"7":{"start":{"line":41,"column":47},"end":{"line":41,"column":73}},"8":{"start":{"line":42,"column":21},"end":{"line":42,"column":null}},"9":{"start":{"line":42,"column":47},"end":{"line":42,"column":73}},"10":{"start":{"line":43,"column":2},"end":{"line":43,"column":null}},"11":{"start":{"line":43,"column":34},"end":{"line":43,"column":null}},"12":{"start":{"line":46,"column":2},"end":{"line":48,"column":null}},"13":{"start":{"line":47,"column":4},"end":{"line":47,"column":null}},"14":{"start":{"line":51,"column":2},"end":{"line":53,"column":null}},"15":{"start":{"line":52,"column":4},"end":{"line":52,"column":null}},"16":{"start":{"line":56,"column":2},"end":{"line":66,"column":null}},"17":{"start":{"line":57,"column":4},"end":{"line":59,"column":null}},"18":{"start":{"line":58,"column":6},"end":{"line":58,"column":null}},"19":{"start":{"line":60,"column":27},"end":{"line":62,"column":null}},"20":{"start":{"line":61,"column":13},"end":{"line":61,"column":null}},"21":{"start":{"line":63,"column":4},"end":{"line":65,"column":null}},"22":{"start":{"line":64,"column":6},"end":{"line":64,"column":null}},"23":{"start":{"line":69,"column":2},"end":{"line":96,"column":null}},"24":{"start":{"line":70,"column":10},"end":{"line":70,"column":null}},"25":{"start":{"line":72,"column":4},"end":{"line":95,"column":null}},"26":{"start":{"line":74,"column":6},"end":{"line":84,"column":null}},"27":{"start":{"line":75,"column":25},"end":{"line":75,"column":null}},"28":{"start":{"line":76,"column":23},"end":{"line":76,"column":null}},"29":{"start":{"line":76,"column":59},"end":{"line":76,"column":76}},"30":{"start":{"line":78,"column":8},"end":{"line":83,"column":null}},"31":{"start":{"line":79,"column":10},"end":{"line":82,"column":null}},"32":{"start":{"line":87,"column":6},"end":{"line":94,"column":null}},"33":{"start":{"line":88,"column":31},"end":{"line":90,"column":null}},"34":{"start":{"line":89,"column":17},"end":{"line":89,"column":null}},"35":{"start":{"line":91,"column":8},"end":{"line":93,"column":null}},"36":{"start":{"line":92,"column":10},"end":{"line":92,"column":null}},"37":{"start":{"line":98,"column":2},"end":{"line":98,"column":null}}},"fnMap":{"0":{"name":"validateConnection","decl":{"start":{"line":17,"column":16},"end":{"line":17,"column":null}},"loc":{"start":{"line":25,"column":30},"end":{"line":99,"column":null}},"line":25},"1":{"name":"(anonymous_1)","decl":{"start":{"line":41,"column":40},"end":{"line":41,"column":41}},"loc":{"start":{"line":41,"column":47},"end":{"line":41,"column":73}},"line":41},"2":{"name":"(anonymous_2)","decl":{"start":{"line":42,"column":40},"end":{"line":42,"column":41}},"loc":{"start":{"line":42,"column":47},"end":{"line":42,"column":73}},"line":42},"3":{"name":"(anonymous_3)","decl":{"start":{"line":61,"column":6},"end":{"line":61,"column":7}},"loc":{"start":{"line":61,"column":13},"end":{"line":61,"column":null}},"line":61},"4":{"name":"(anonymous_4)","decl":{"start":{"line":76,"column":52},"end":{"line":76,"column":53}},"loc":{"start":{"line":76,"column":59},"end":{"line":76,"column":76}},"line":76},"5":{"name":"(anonymous_5)","decl":{"start":{"line":89,"column":10},"end":{"line":89,"column":11}},"loc":{"start":{"line":89,"column":17},"end":{"line":89,"column":null}},"line":89}},"branchMap":{"0":{"loc":{"start":{"line":26,"column":2},"end":{"line":28,"column":null}},"type":"if","locations":[{"start":{"line":26,"column":2},"end":{"line":28,"column":null}},{"start":{},"end":{}}],"line":26},"1":{"loc":{"start":{"line":26,"column":6},"end":{"line":26,"column":48}},"type":"binary-expr","locations":[{"start":{"line":26,"column":6},"end":{"line":26,"column":28}},{"start":{"line":26,"column":28},"end":{"line":26,"column":48}}],"line":26},"2":{"loc":{"start":{"line":31,"column":2},"end":{"line":33,"column":null}},"type":"if","locations":[{"start":{"line":31,"column":2},"end":{"line":33,"column":null}},{"start":{},"end":{}}],"line":31},"3":{"loc":{"start":{"line":36,"column":2},"end":{"line":38,"column":null}},"type":"if","locations":[{"start":{"line":36,"column":2},"end":{"line":38,"column":null}},{"start":{},"end":{}}],"line":36},"4":{"loc":{"start":{"line":43,"column":2},"end":{"line":43,"column":null}},"type":"if","locations":[{"start":{"line":43,"column":2},"end":{"line":43,"column":null}},{"start":{},"end":{}}],"line":43},"5":{"loc":{"start":{"line":43,"column":6},"end":{"line":43,"column":34}},"type":"binary-expr","locations":[{"start":{"line":43,"column":6},"end":{"line":43,"column":21}},{"start":{"line":43,"column":21},"end":{"line":43,"column":34}}],"line":43},"6":{"loc":{"start":{"line":46,"column":2},"end":{"line":48,"column":null}},"type":"if","locations":[{"start":{"line":46,"column":2},"end":{"line":48,"column":null}},{"start":{},"end":{}}],"line":46},"7":{"loc":{"start":{"line":51,"column":2},"end":{"line":53,"column":null}},"type":"if","locations":[{"start":{"line":51,"column":2},"end":{"line":53,"column":null}},{"start":{},"end":{}}],"line":51},"8":{"loc":{"start":{"line":56,"column":2},"end":{"line":66,"column":null}},"type":"if","locations":[{"start":{"line":56,"column":2},"end":{"line":66,"column":null}},{"start":{},"end":{}}],"line":56},"9":{"loc":{"start":{"line":57,"column":4},"end":{"line":59,"column":null}},"type":"if","locations":[{"start":{"line":57,"column":4},"end":{"line":59,"column":null}},{"start":{},"end":{}}],"line":57},"10":{"loc":{"start":{"line":61,"column":13},"end":{"line":61,"column":null}},"type":"binary-expr","locations":[{"start":{"line":61,"column":13},"end":{"line":61,"column":43}},{"start":{"line":61,"column":43},"end":{"line":61,"column":null}}],"line":61},"11":{"loc":{"start":{"line":63,"column":4},"end":{"line":65,"column":null}},"type":"if","locations":[{"start":{"line":63,"column":4},"end":{"line":65,"column":null}},{"start":{},"end":{}}],"line":63},"12":{"loc":{"start":{"line":69,"column":2},"end":{"line":96,"column":null}},"type":"if","locations":[{"start":{"line":69,"column":2},"end":{"line":96,"column":null}},{"start":{},"end":{}}],"line":69},"13":{"loc":{"start":{"line":72,"column":4},"end":{"line":95,"column":null}},"type":"if","locations":[{"start":{"line":72,"column":4},"end":{"line":95,"column":null}},{"start":{},"end":{}}],"line":72},"14":{"loc":{"start":{"line":74,"column":6},"end":{"line":84,"column":null}},"type":"if","locations":[{"start":{"line":74,"column":6},"end":{"line":84,"column":null}},{"start":{},"end":{}}],"line":74},"15":{"loc":{"start":{"line":78,"column":8},"end":{"line":83,"column":null}},"type":"if","locations":[{"start":{"line":78,"column":8},"end":{"line":83,"column":null}},{"start":{},"end":{}}],"line":78},"16":{"loc":{"start":{"line":78,"column":12},"end":{"line":78,"column":85}},"type":"binary-expr","locations":[{"start":{"line":78,"column":12},"end":{"line":78,"column":22}},{"start":{"line":78,"column":22},"end":{"line":78,"column":85}}],"line":78},"17":{"loc":{"start":{"line":87,"column":6},"end":{"line":94,"column":null}},"type":"if","locations":[{"start":{"line":87,"column":6},"end":{"line":94,"column":null}},{"start":{},"end":{}}],"line":87},"18":{"loc":{"start":{"line":89,"column":17},"end":{"line":89,"column":null}},"type":"binary-expr","locations":[{"start":{"line":89,"column":17},"end":{"line":89,"column":47}},{"start":{"line":89,"column":47},"end":{"line":89,"column":null}}],"line":89},"19":{"loc":{"start":{"line":91,"column":8},"end":{"line":93,"column":null}},"type":"if","locations":[{"start":{"line":91,"column":8},"end":{"line":93,"column":null}},{"start":{},"end":{}}],"line":91}},"s":{"0":13,"1":2,"2":11,"3":1,"4":10,"5":1,"6":9,"7":10,"8":9,"9":18,"10":9,"11":1,"12":8,"13":1,"14":7,"15":1,"16":6,"17":2,"18":1,"19":1,"20":1,"21":1,"22":1,"23":4,"24":4,"25":4,"26":4,"27":3,"28":3,"29":3,"30":3,"31":1,"32":3,"33":1,"34":1,"35":1,"36":1,"37":2},"f":{"0":13,"1":10,"2":18,"3":1,"4":3,"5":1},"b":{"0":[2,11],"1":[13,12],"2":[1,10],"3":[1,9],"4":[1,8],"5":[9,8],"6":[1,7],"7":[1,6],"8":[2,4],"9":[1,1],"10":[1,1],"11":[1,0],"12":[4,0],"13":[4,0],"14":[3,1],"15":[1,2],"16":[3,3],"17":[1,2],"18":[1,1],"19":[1,0]},"meta":{"lastBranch":20,"lastFunction":6,"lastStatement":38,"seen":{"f:17:16:17:Infinity":0,"b:26:2:28:Infinity:undefined:undefined:undefined:undefined":0,"s:26:2:28:Infinity":0,"b:26:6:26:28:26:28:26:48":1,"s:27:4:27:Infinity":1,"b:31:2:33:Infinity:undefined:undefined:undefined:undefined":2,"s:31:2:33:Infinity":2,"s:32:4:32:Infinity":3,"b:36:2:38:Infinity:undefined:undefined:undefined:undefined":3,"s:36:2:38:Infinity":4,"s:37:4:37:Infinity":5,"s:41:21:41:Infinity":6,"f:41:40:41:41":1,"s:41:47:41:73":7,"s:42:21:42:Infinity":8,"f:42:40:42:41":2,"s:42:47:42:73":9,"b:43:2:43:Infinity:undefined:undefined:undefined:undefined":4,"s:43:2:43:Infinity":10,"b:43:6:43:21:43:21:43:34":5,"s:43:34:43:Infinity":11,"b:46:2:48:Infinity:undefined:undefined:undefined:undefined":6,"s:46:2:48:Infinity":12,"s:47:4:47:Infinity":13,"b:51:2:53:Infinity:undefined:undefined:undefined:undefined":7,"s:51:2:53:Infinity":14,"s:52:4:52:Infinity":15,"b:56:2:66:Infinity:undefined:undefined:undefined:undefined":8,"s:56:2:66:Infinity":16,"b:57:4:59:Infinity:undefined:undefined:undefined:undefined":9,"s:57:4:59:Infinity":17,"s:58:6:58:Infinity":18,"s:60:27:62:Infinity":19,"f:61:6:61:7":3,"s:61:13:61:Infinity":20,"b:61:13:61:43:61:43:61:Infinity":10,"b:63:4:65:Infinity:undefined:undefined:undefined:undefined":11,"s:63:4:65:Infinity":21,"s:64:6:64:Infinity":22,"b:69:2:96:Infinity:undefined:undefined:undefined:undefined":12,"s:69:2:96:Infinity":23,"s:70:10:70:Infinity":24,"b:72:4:95:Infinity:undefined:undefined:undefined:undefined":13,"s:72:4:95:Infinity":25,"b:74:6:84:Infinity:undefined:undefined:undefined:undefined":14,"s:74:6:84:Infinity":26,"s:75:25:75:Infinity":27,"s:76:23:76:Infinity":28,"f:76:52:76:53":4,"s:76:59:76:76":29,"b:78:8:83:Infinity:undefined:undefined:undefined:undefined":15,"s:78:8:83:Infinity":30,"b:78:12:78:22:78:22:78:85":16,"s:79:10:82:Infinity":31,"b:87:6:94:Infinity:undefined:undefined:undefined:undefined":17,"s:87:6:94:Infinity":32,"s:88:31:90:Infinity":33,"f:89:10:89:11":5,"s:89:17:89:Infinity":34,"b:89:17:89:47:89:47:89:Infinity":18,"b:91:8:93:Infinity:undefined:undefined:undefined:undefined":19,"s:91:8:93:Infinity":35,"s:92:10:92:Infinity":36,"s:98:2:98:Infinity":37}}}
,"/home/barry/lynk/src/core/engine/dependencyGraph.ts": {"path":"/home/barry/lynk/src/core/engine/dependencyGraph.ts","statementMap":{"0":{"start":{"line":13,"column":20},"end":{"line":13,"column":null}},"1":{"start":{"line":15,"column":2},"end":{"line":20,"column":null}},"2":{"start":{"line":16,"column":4},"end":{"line":18,"column":null}},"3":{"start":{"line":17,"column":6},"end":{"line":17,"column":null}},"4":{"start":{"line":19,"column":4},"end":{"line":19,"column":null}},"5":{"start":{"line":23,"column":2},"end":{"line":25,"column":null}},"6":{"start":{"line":24,"column":4},"end":{"line":24,"column":null}},"7":{"start":{"line":26,"column":2},"end":{"line":26,"column":null}},"8":{"start":{"line":30,"column":18},"end":{"line":30,"column":null}},"9":{"start":{"line":31,"column":16},"end":{"line":31,"column":null}},"10":{"start":{"line":33,"column":2},"end":{"line":53,"column":null}},"11":{"start":{"line":34,"column":17},"end":{"line":34,"column":null}},"12":{"start":{"line":36,"column":4},"end":{"line":38,"column":null}},"13":{"start":{"line":37,"column":6},"end":{"line":37,"column":null}},"14":{"start":{"line":40,"column":4},"end":{"line":42,"column":null}},"15":{"start":{"line":41,"column":6},"end":{"line":41,"column":null}},"16":{"start":{"line":43,"column":4},"end":{"line":43,"column":null}},"17":{"start":{"line":45,"column":22},"end":{"line":45,"column":null}},"18":{"start":{"line":46,"column":4},"end":{"line":52,"column":null}},"19":{"start":{"line":47,"column":6},"end":{"line":51,"column":null}},"20":{"start":{"line":48,"column":8},"end":{"line":50,"column":null}},"21":{"start":{"line":49,"column":10},"end":{"line":49,"column":null}},"22":{"start":{"line":55,"column":2},"end":{"line":55,"column":null}},"23":{"start":{"line":67,"column":20},"end":{"line":67,"column":null}},"24":{"start":{"line":68,"column":19},"end":{"line":68,"column":null}},"25":{"start":{"line":70,"column":2},"end":{"line":73,"column":null}},"26":{"start":{"line":71,"column":4},"end":{"line":71,"column":null}},"27":{"start":{"line":72,"column":4},"end":{"line":72,"column":null}},"28":{"start":{"line":75,"column":2},"end":{"line":80,"column":null}},"29":{"start":{"line":76,"column":4},"end":{"line":79,"column":null}},"30":{"start":{"line":77,"column":6},"end":{"line":77,"column":null}},"31":{"start":{"line":78,"column":6},"end":{"line":78,"column":null}},"32":{"start":{"line":83,"column":26},"end":{"line":83,"column":null}},"33":{"start":{"line":84,"column":27},"end":{"line":84,"column":null}},"34":{"start":{"line":87,"column":2},"end":{"line":91,"column":null}},"35":{"start":{"line":88,"column":4},"end":{"line":90,"column":null}},"36":{"start":{"line":89,"column":6},"end":{"line":89,"column":null}},"37":{"start":{"line":93,"column":2},"end":{"line":105,"column":null}},"38":{"start":{"line":94,"column":17},"end":{"line":94,"column":null}},"39":{"start":{"line":95,"column":4},"end":{"line":95,"column":null}},"40":{"start":{"line":97,"column":4},"end":{"line":104,"column":null}},"41":{"start":{"line":98,"column":24},"end":{"line":98,"column":null}},"42":{"start":{"line":99,"column":6},"end":{"line":99,"column":null}},"43":{"start":{"line":101,"column":6},"end":{"line":103,"column":null}},"44":{"start":{"line":102,"column":8},"end":{"line":102,"column":null}},"45":{"start":{"line":108,"column":2},"end":{"line":110,"column":null}},"46":{"start":{"line":109,"column":4},"end":{"line":109,"column":null}},"47":{"start":{"line":112,"column":2},"end":{"line":112,"column":null}},"48":{"start":{"line":119,"column":21},"end":{"line":119,"column":null}},"49":{"start":{"line":120,"column":16},"end":{"line":120,"column":null}},"50":{"start":{"line":121,"column":18},"end":{"line":121,"column":null}},"51":{"start":{"line":123,"column":2},"end":{"line":134,"column":null}},"52":{"start":{"line":124,"column":17},"end":{"line":124,"column":null}},"53":{"start":{"line":125,"column":4},"end":{"line":125,"column":null}},"54":{"start":{"line":125,"column":27},"end":{"line":125,"column":null}},"55":{"start":{"line":126,"column":4},"end":{"line":126,"column":null}},"56":{"start":{"line":128,"column":4},"end":{"line":133,"column":null}},"57":{"start":{"line":129,"column":6},"end":{"line":132,"column":null}},"58":{"start":{"line":130,"column":8},"end":{"line":130,"column":null}},"59":{"start":{"line":131,"column":8},"end":{"line":131,"column":null}},"60":{"start":{"line":136,"column":2},"end":{"line":136,"column":null}}},"fnMap":{"0":{"name":"wouldCreateCycle","decl":{"start":{"line":7,"column":16},"end":{"line":7,"column":null}},"loc":{"start":{"line":11,"column":11},"end":{"line":56,"column":null}},"line":11},"1":{"name":"getTopologicalOrder","decl":{"start":{"line":62,"column":16},"end":{"line":62,"column":null}},"loc":{"start":{"line":65,"column":19},"end":{"line":113,"column":null}},"line":65},"2":{"name":"getDependentNodes","decl":{"start":{"line":118,"column":16},"end":{"line":118,"column":34}},"loc":{"start":{"line":118,"column":81},"end":{"line":137,"column":null}},"line":118}},"branchMap":{"0":{"loc":{"start":{"line":16,"column":4},"end":{"line":18,"column":null}},"type":"if","locations":[{"start":{"line":16,"column":4},"end":{"line":18,"column":null}},{"start":{},"end":{}}],"line":16},"1":{"loc":{"start":{"line":23,"column":2},"end":{"line":25,"column":null}},"type":"if","locations":[{"start":{"line":23,"column":2},"end":{"line":25,"column":null}},{"start":{},"end":{}}],"line":23},"2":{"loc":{"start":{"line":36,"column":4},"end":{"line":38,"column":null}},"type":"if","locations":[{"start":{"line":36,"column":4},"end":{"line":38,"column":null}},{"start":{},"end":{}}],"line":36},"3":{"loc":{"start":{"line":40,"column":4},"end":{"line":42,"column":null}},"type":"if","locations":[{"start":{"line":40,"column":4},"end":{"line":42,"column":null}},{"start":{},"end":{}}],"line":40},"4":{"loc":{"start":{"line":46,"column":4},"end":{"line":52,"column":null}},"type":"if","locations":[{"start":{"line":46,"column":4},"end":{"line":52,"column":null}},{"start":{},"end":{}}],"line":46},"5":{"loc":{"start":{"line":48,"column":8},"end":{"line":50,"column":null}},"type":"if","locations":[{"start":{"line":48,"column":8},"end":{"line":50,"column":null}},{"start":{},"end":{}}],"line":48},"6":{"loc":{"start":{"line":76,"column":4},"end":{"line":79,"column":null}},"type":"if","locations":[{"start":{"line":76,"column":4},"end":{"line":79,"column":null}},{"start":{},"end":{}}],"line":76},"7":{"loc":{"start":{"line":76,"column":8},"end":{"line":76,"column":65}},"type":"binary-expr","locations":[{"start":{"line":76,"column":8},"end":{"line":76,"column":38}},{"start":{"line":76,"column":38},"end":{"line":76,"column":65}}],"line":76},"8":{"loc":{"start":{"line":88,"column":4},"end":{"line":90,"column":null}},"type":"if","locations":[{"start":{"line":88,"column":4},"end":{"line":90,"column":null}},{"start":{},"end":{}}],"line":88},"9":{"loc":{"start":{"line":97,"column":27},"end":{"line":97,"column":54}},"type":"binary-expr","locations":[{"start":{"line":97,"column":27},"end":{"line":97,"column":50}},{"start":{"line":97,"column":50},"end":{"line":97,"column":54}}],"line":97},"10":{"loc":{"start":{"line":101,"column":6},"end":{"line":103,"column":null}},"type":"if","locations":[{"start":{"line":101,"column":6},"end":{"line":103,"column":null}},{"start":{},"end":{}}],"line":101},"11":{"loc":{"start":{"line":108,"column":2},"end":{"line":110,"column":null}},"type":"if","locations":[{"start":{"line":108,"column":2},"end":{"line":110,"column":null}},{"start":{},"end":{}}],"line":108},"12":{"loc":{"start":{"line":125,"column":4},"end":{"line":125,"column":null}},"type":"if","locations":[{"start":{"line":125,"column":4},"end":{"line":125,"column":null}},{"start":{},"end":{}}],"line":125},"13":{"loc":{"start":{"line":129,"column":6},"end":{"line":132,"column":null}},"type":"if","locations":[{"start":{"line":129,"column":6},"end":{"line":132,"column":null}},{"start":{},"end":{}}],"line":129},"14":{"loc":{"start":{"line":129,"column":10},"end":{"line":129,"column":64}},"type":"binary-expr","locations":[{"start":{"line":129,"column":10},"end":{"line":129,"column":34}},{"start":{"line":129,"column":34},"end":{"line":129,"column":64}}],"line":129}},"s":{"0":20,"1":20,"2":12,"3":11,"4":12,"5":20,"6":18,"7":20,"8":20,"9":20,"10":20,"11":26,"12":26,"13":5,"14":21,"15":0,"16":21,"17":21,"18":21,"19":6,"20":6,"21":6,"22":15,"23":6,"24":6,"25":6,"26":17,"27":17,"28":6,"29":12,"30":11,"31":11,"32":6,"33":6,"34":6,"35":17,"36":7,"37":6,"38":14,"39":14,"40":14,"41":8,"42":8,"43":8,"44":7,"45":6,"46":1,"47":5,"48":5,"49":5,"50":5,"51":5,"52":12,"53":12,"54":0,"55":12,"56":12,"57":21,"58":7,"59":7,"60":5},"f":{"0":20,"1":6,"2":5},"b":{"0":[11,1],"1":[18,2],"2":[5,21],"3":[0,21],"4":[6,15],"5":[6,0],"6":[11,1],"7":[12,12],"8":[7,10],"9":[14,0],"10":[7,1],"11":[1,5],"12":[0,12],"13":[7,14],"14":[21,7]},"meta":{"lastBranch":15,"lastFunction":3,"lastStatement":61,"seen":{"f:7:16:7:Infinity":0,"s:13:20:13:Infinity":0,"s:15:2:20:Infinity":1,"b:16:4:18:Infinity:undefined:undefined:undefined:undefined":0,"s:16:4:18:Infinity":2,"s:17:6:17:Infinity":3,"s:19:4:19:Infinity":4,"b:23:2:25:Infinity:undefined:undefined:undefined:undefined":1,"s:23:2:25:Infinity":5,"s:24:4:24:Infinity":6,"s:26:2:26:Infinity":7,"s:30:18:30:Infinity":8,"s:31:16:31:Infinity":9,"s:33:2:53:Infinity":10,"s:34:17:34:Infinity":11,"b:36:4:38:Infinity:undefined:undefined:undefined:undefined":2,"s:36:4:38:Infinity":12,"s:37:6:37:Infinity":13,"b:40:4:42:Infinity:undefined:undefined:undefined:undefined":3,"s:40:4:42:Infinity":14,"s:41:6:41:Infinity":15,"s:43:4:43:Infinity":16,"s:45:22:45:Infinity":17,"b:46:4:52:Infinity:undefined:undefined:undefined:undefined":4,"s:46:4:52:Infinity":18,"s:47:6:51:Infinity":19,"b:48:8:50:Infinity:undefined:undefined:undefined:undefined":5,"s:48:8:50:Infinity":20,"s:49:10:49:Infinity":21,"s:55:2:55:Infinity":22,"f:62:16:62:Infinity":1,"s:67:20:67:Infinity":23,"s:68:19:68:Infinity":24,"s:70:2:73:Infinity":25,"s:71:4:71:Infinity":26,"s:72:4:72:Infinity":27,"s:75:2:80:Infinity":28,"b:76:4:79:Infinity:undefined:undefined:undefined:undefined":6,"s:76:4:79:Infinity":29,"b:76:8:76:38:76:38:76:65":7,"s:77:6:77:Infinity":30,"s:78:6:78:Infinity":31,"s:83:26:83:Infinity":32,"s:84:27:84:Infinity":33,"s:87:2:91:Infinity":34,"b:88:4:90:Infinity:undefined:undefined:undefined:undefined":8,"s:88:4:90:Infinity":35,"s:89:6:89:Infinity":36,"s:93:2:105:Infinity":37,"s:94:17:94:Infinity":38,"s:95:4:95:Infinity":39,"s:97:4:104:Infinity":40,"b:97:27:97:50:97:50:97:54":9,"s:98:24:98:Infinity":41,"s:99:6:99:Infinity":42,"b:101:6:103:Infinity:undefined:undefined:undefined:undefined":10,"s:101:6:103:Infinity":43,"s:102:8:102:Infinity":44,"b:108:2:110:Infinity:undefined:undefined:undefined:undefined":11,"s:108:2:110:Infinity":45,"s:109:4:109:Infinity":46,"s:112:2:112:Infinity":47,"f:118:16:118:34":2,"s:119:21:119:Infinity":48,"s:120:16:120:Infinity":49,"s:121:18:121:Infinity":50,"s:123:2:134:Infinity":51,"s:124:17:124:Infinity":52,"b:125:4:125:Infinity:undefined:undefined:undefined:undefined":12,"s:125:4:125:Infinity":53,"s:125:27:125:Infinity":54,"s:126:4:126:Infinity":55,"s:128:4:133:Infinity":56,"b:129:6:132:Infinity:undefined:undefined:undefined:undefined":13,"s:129:6:132:Infinity":57,"b:129:10:129:34:129:34:129:64":14,"s:130:8:130:Infinity":58,"s:131:8:131:Infinity":59,"s:136:2:136:Infinity":60}}}
,"/home/barry/lynk/src/core/extraction/fieldDetector.ts": {"path":"/home/barry/lynk/src/core/extraction/fieldDetector.ts","statementMap":{"0":{"start":{"line":24,"column":39},"end":{"line":83,"column":null}},"1":{"start":{"line":86,"column":22},"end":{"line":90,"column":null}},"2":{"start":{"line":92,"column":25},"end":{"line":92,"column":null}},"3":{"start":{"line":93,"column":22},"end":{"line":93,"column":null}},"4":{"start":{"line":95,"column":2},"end":{"line":95,"column":null}},"5":{"start":{"line":109,"column":2},"end":{"line":114,"column":null}},"6":{"start":{"line":118,"column":2},"end":{"line":120,"column":null}},"7":{"start":{"line":119,"column":4},"end":{"line":119,"column":null}},"8":{"start":{"line":121,"column":2},"end":{"line":126,"column":null}},"9":{"start":{"line":122,"column":37},"end":{"line":122,"column":41}},"10":{"start":{"line":123,"column":37},"end":{"line":123,"column":41}},"11":{"start":{"line":124,"column":37},"end":{"line":124,"column":41}},"12":{"start":{"line":125,"column":37},"end":{"line":125,"column":41}},"13":{"start":{"line":130,"column":22},"end":{"line":130,"column":null}},"14":{"start":{"line":131,"column":22},"end":{"line":131,"column":null}},"15":{"start":{"line":132,"column":22},"end":{"line":132,"column":null}},"16":{"start":{"line":133,"column":22},"end":{"line":133,"column":null}},"17":{"start":{"line":135,"column":2},"end":{"line":137,"column":null}},"18":{"start":{"line":136,"column":4},"end":{"line":136,"column":null}},"19":{"start":{"line":139,"column":8},"end":{"line":139,"column":null}},"20":{"start":{"line":140,"column":8},"end":{"line":140,"column":null}},"21":{"start":{"line":141,"column":8},"end":{"line":141,"column":null}},"22":{"start":{"line":142,"column":18},"end":{"line":142,"column":null}},"23":{"start":{"line":144,"column":2},"end":{"line":144,"column":null}},"24":{"start":{"line":153,"column":24},"end":{"line":153,"column":null}},"25":{"start":{"line":155,"column":2},"end":{"line":170,"column":null}},"26":{"start":{"line":156,"column":18},"end":{"line":156,"column":null}},"27":{"start":{"line":157,"column":4},"end":{"line":169,"column":null}},"28":{"start":{"line":159,"column":25},"end":{"line":162,"column":null}},"29":{"start":{"line":160,"column":26},"end":{"line":160,"column":null}},"30":{"start":{"line":161,"column":8},"end":{"line":161,"column":null}},"31":{"start":{"line":163,"column":6},"end":{"line":168,"column":null}},"32":{"start":{"line":164,"column":8},"end":{"line":167,"column":null}},"33":{"start":{"line":166,"column":50},"end":{"line":166,"column":56}},"34":{"start":{"line":173,"column":21},"end":{"line":176,"column":null}},"35":{"start":{"line":174,"column":22},"end":{"line":174,"column":null}},"36":{"start":{"line":175,"column":4},"end":{"line":175,"column":null}},"37":{"start":{"line":178,"column":2},"end":{"line":183,"column":null}},"38":{"start":{"line":179,"column":4},"end":{"line":182,"column":null}},"39":{"start":{"line":180,"column":34},"end":{"line":180,"column":40}},"40":{"start":{"line":181,"column":46},"end":{"line":181,"column":52}},"41":{"start":{"line":185,"column":2},"end":{"line":185,"column":null}},"42":{"start":{"line":189,"column":34},"end":{"line":189,"column":null}},"43":{"start":{"line":191,"column":2},"end":{"line":231,"column":null}},"44":{"start":{"line":192,"column":4},"end":{"line":230,"column":null}},"45":{"start":{"line":193,"column":6},"end":{"line":229,"column":null}},"46":{"start":{"line":194,"column":22},"end":{"line":194,"column":null}},"47":{"start":{"line":195,"column":8},"end":{"line":228,"column":null}},"48":{"start":{"line":196,"column":16},"end":{"line":196,"column":null}},"49":{"start":{"line":197,"column":32},"end":{"line":201,"column":null}},"50":{"start":{"line":203,"column":10},"end":{"line":226,"column":null}},"51":{"start":{"line":205,"column":31},"end":{"line":210,"column":null}},"52":{"start":{"line":206,"column":32},"end":{"line":206,"column":null}},"53":{"start":{"line":207,"column":14},"end":{"line":208,"column":null}},"54":{"start":{"line":213,"column":14},"end":{"line":215,"column":null}},"55":{"start":{"line":214,"column":52},"end":{"line":214,"column":58}},"56":{"start":{"line":216,"column":33},"end":{"line":216,"column":null}},"57":{"start":{"line":218,"column":12},"end":{"line":225,"column":null}},"58":{"start":{"line":227,"column":10},"end":{"line":227,"column":null}},"59":{"start":{"line":233,"column":2},"end":{"line":233,"column":null}},"60":{"start":{"line":237,"column":34},"end":{"line":237,"column":null}},"61":{"start":{"line":239,"column":2},"end":{"line":313,"column":null}},"62":{"start":{"line":241,"column":4},"end":{"line":258,"column":null}},"63":{"start":{"line":242,"column":20},"end":{"line":242,"column":null}},"64":{"start":{"line":243,"column":6},"end":{"line":257,"column":null}},"65":{"start":{"line":244,"column":29},"end":{"line":246,"column":null}},"66":{"start":{"line":245,"column":10},"end":{"line":245,"column":null}},"67":{"start":{"line":247,"column":8},"end":{"line":256,"column":null}},"68":{"start":{"line":248,"column":10},"end":{"line":255,"column":null}},"69":{"start":{"line":251,"column":73},"end":{"line":251,"column":79}},"70":{"start":{"line":261,"column":28},"end":{"line":261,"column":null}},"71":{"start":{"line":262,"column":4},"end":{"line":276,"column":null}},"72":{"start":{"line":263,"column":27},"end":{"line":265,"column":null}},"73":{"start":{"line":264,"column":8},"end":{"line":264,"column":null}},"74":{"start":{"line":266,"column":6},"end":{"line":275,"column":null}},"75":{"start":{"line":267,"column":8},"end":{"line":274,"column":null}},"76":{"start":{"line":270,"column":71},"end":{"line":270,"column":77}},"77":{"start":{"line":279,"column":23},"end":{"line":279,"column":null}},"78":{"start":{"line":280,"column":4},"end":{"line":294,"column":null}},"79":{"start":{"line":281,"column":27},"end":{"line":283,"column":null}},"80":{"start":{"line":282,"column":18},"end":{"line":282,"column":null}},"81":{"start":{"line":284,"column":6},"end":{"line":293,"column":null}},"82":{"start":{"line":285,"column":8},"end":{"line":292,"column":null}},"83":{"start":{"line":288,"column":71},"end":{"line":288,"column":77}},"84":{"start":{"line":297,"column":23},"end":{"line":297,"column":null}},"85":{"start":{"line":298,"column":4},"end":{"line":312,"column":null}},"86":{"start":{"line":299,"column":27},"end":{"line":301,"column":null}},"87":{"start":{"line":300,"column":18},"end":{"line":300,"column":null}},"88":{"start":{"line":302,"column":6},"end":{"line":311,"column":null}},"89":{"start":{"line":303,"column":8},"end":{"line":310,"column":null}},"90":{"start":{"line":306,"column":71},"end":{"line":306,"column":77}},"91":{"start":{"line":315,"column":2},"end":{"line":315,"column":null}},"92":{"start":{"line":319,"column":34},"end":{"line":319,"column":null}},"93":{"start":{"line":321,"column":2},"end":{"line":343,"column":null}},"94":{"start":{"line":322,"column":35},"end":{"line":327,"column":null}},"95":{"start":{"line":330,"column":21},"end":{"line":338,"column":null}},"96":{"start":{"line":331,"column":40},"end":{"line":336,"column":null}},"97":{"start":{"line":337,"column":6},"end":{"line":337,"column":null}},"98":{"start":{"line":340,"column":4},"end":{"line":342,"column":null}},"99":{"start":{"line":341,"column":6},"end":{"line":341,"column":null}},"100":{"start":{"line":345,"column":2},"end":{"line":345,"column":null}},"101":{"start":{"line":356,"column":24},"end":{"line":356,"column":null}},"102":{"start":{"line":359,"column":27},"end":{"line":359,"column":null}},"103":{"start":{"line":362,"column":20},"end":{"line":362,"column":null}},"104":{"start":{"line":363,"column":23},"end":{"line":363,"column":null}},"105":{"start":{"line":366,"column":2},"end":{"line":370,"column":null}},"106":{"start":{"line":367,"column":18},"end":{"line":367,"column":null}},"107":{"start":{"line":368,"column":4},"end":{"line":368,"column":null}},"108":{"start":{"line":368,"column":30},"end":{"line":368,"column":null}},"109":{"start":{"line":369,"column":4},"end":{"line":369,"column":null}},"110":{"start":{"line":372,"column":2},"end":{"line":372,"column":null}},"111":{"start":{"line":388,"column":33},"end":{"line":393,"column":null}},"112":{"start":{"line":395,"column":2},"end":{"line":403,"column":null}},"113":{"start":{"line":396,"column":36},"end":{"line":401,"column":null}},"114":{"start":{"line":402,"column":4},"end":{"line":402,"column":null}}},"fnMap":{"0":{"name":"bboxToRegionCoords","decl":{"start":{"line":108,"column":9},"end":{"line":108,"column":28}},"loc":{"start":{"line":108,"column":66},"end":{"line":115,"column":null}},"line":108},"1":{"name":"mergeBboxes","decl":{"start":{"line":117,"column":9},"end":{"line":117,"column":21}},"loc":{"start":{"line":117,"column":56},"end":{"line":127,"column":null}},"line":117},"2":{"name":"(anonymous_2)","decl":{"start":{"line":122,"column":30},"end":{"line":122,"column":31}},"loc":{"start":{"line":122,"column":37},"end":{"line":122,"column":41}},"line":122},"3":{"name":"(anonymous_3)","decl":{"start":{"line":123,"column":30},"end":{"line":123,"column":31}},"loc":{"start":{"line":123,"column":37},"end":{"line":123,"column":41}},"line":123},"4":{"name":"(anonymous_4)","decl":{"start":{"line":124,"column":30},"end":{"line":124,"column":31}},"loc":{"start":{"line":124,"column":37},"end":{"line":124,"column":41}},"line":124},"5":{"name":"(anonymous_5)","decl":{"start":{"line":125,"column":30},"end":{"line":125,"column":31}},"loc":{"start":{"line":125,"column":37},"end":{"line":125,"column":41}},"line":125},"6":{"name":"boxesOverlap","decl":{"start":{"line":129,"column":9},"end":{"line":129,"column":22}},"loc":{"start":{"line":129,"column":80},"end":{"line":145,"column":null}},"line":129},"7":{"name":"findAdjacentValue","decl":{"start":{"line":147,"column":9},"end":{"line":147,"column":null}},"loc":{"start":{"line":151,"column":46},"end":{"line":186,"column":null}},"line":151},"8":{"name":"(anonymous_8)","decl":{"start":{"line":159,"column":43},"end":{"line":159,"column":44}},"loc":{"start":{"line":159,"column":53},"end":{"line":162,"column":7}},"line":159},"9":{"name":"(anonymous_9)","decl":{"start":{"line":166,"column":43},"end":{"line":166,"column":44}},"loc":{"start":{"line":166,"column":50},"end":{"line":166,"column":56}},"line":166},"10":{"name":"(anonymous_10)","decl":{"start":{"line":173,"column":39},"end":{"line":173,"column":40}},"loc":{"start":{"line":173,"column":49},"end":{"line":176,"column":3}},"line":173},"11":{"name":"(anonymous_11)","decl":{"start":{"line":180,"column":27},"end":{"line":180,"column":28}},"loc":{"start":{"line":180,"column":34},"end":{"line":180,"column":40}},"line":180},"12":{"name":"(anonymous_12)","decl":{"start":{"line":181,"column":39},"end":{"line":181,"column":40}},"loc":{"start":{"line":181,"column":46},"end":{"line":181,"column":52}},"line":181},"13":{"name":"detectLabeledFields","decl":{"start":{"line":188,"column":9},"end":{"line":188,"column":29}},"loc":{"start":{"line":188,"column":76},"end":{"line":234,"column":null}},"line":188},"14":{"name":"(anonymous_14)","decl":{"start":{"line":205,"column":49},"end":{"line":205,"column":50}},"loc":{"start":{"line":205,"column":59},"end":{"line":210,"column":13}},"line":205},"15":{"name":"(anonymous_15)","decl":{"start":{"line":214,"column":45},"end":{"line":214,"column":46}},"loc":{"start":{"line":214,"column":52},"end":{"line":214,"column":58}},"line":214},"16":{"name":"detectStandaloneFields","decl":{"start":{"line":236,"column":9},"end":{"line":236,"column":32}},"loc":{"start":{"line":236,"column":79},"end":{"line":316,"column":null}},"line":236},"17":{"name":"(anonymous_17)","decl":{"start":{"line":244,"column":47},"end":{"line":244,"column":48}},"loc":{"start":{"line":245,"column":10},"end":{"line":245,"column":null}},"line":245},"18":{"name":"(anonymous_18)","decl":{"start":{"line":251,"column":66},"end":{"line":251,"column":67}},"loc":{"start":{"line":251,"column":73},"end":{"line":251,"column":79}},"line":251},"19":{"name":"(anonymous_19)","decl":{"start":{"line":263,"column":45},"end":{"line":263,"column":46}},"loc":{"start":{"line":264,"column":8},"end":{"line":264,"column":null}},"line":264},"20":{"name":"(anonymous_20)","decl":{"start":{"line":270,"column":64},"end":{"line":270,"column":65}},"loc":{"start":{"line":270,"column":71},"end":{"line":270,"column":77}},"line":270},"21":{"name":"(anonymous_21)","decl":{"start":{"line":282,"column":8},"end":{"line":282,"column":9}},"loc":{"start":{"line":282,"column":18},"end":{"line":282,"column":null}},"line":282},"22":{"name":"(anonymous_22)","decl":{"start":{"line":288,"column":64},"end":{"line":288,"column":65}},"loc":{"start":{"line":288,"column":71},"end":{"line":288,"column":77}},"line":288},"23":{"name":"(anonymous_23)","decl":{"start":{"line":300,"column":8},"end":{"line":300,"column":9}},"loc":{"start":{"line":300,"column":18},"end":{"line":300,"column":null}},"line":300},"24":{"name":"(anonymous_24)","decl":{"start":{"line":306,"column":64},"end":{"line":306,"column":65}},"loc":{"start":{"line":306,"column":71},"end":{"line":306,"column":77}},"line":306},"25":{"name":"deduplicateFields","decl":{"start":{"line":318,"column":9},"end":{"line":318,"column":27}},"loc":{"start":{"line":318,"column":69},"end":{"line":346,"column":null}},"line":318},"26":{"name":"(anonymous_26)","decl":{"start":{"line":330,"column":33},"end":{"line":330,"column":34}},"loc":{"start":{"line":330,"column":47},"end":{"line":338,"column":5}},"line":330},"27":{"name":"detectFields","decl":{"start":{"line":354,"column":16},"end":{"line":354,"column":29}},"loc":{"start":{"line":354,"column":76},"end":{"line":373,"column":null}},"line":354},"28":{"name":"(anonymous_28)","decl":{"start":{"line":366,"column":20},"end":{"line":366,"column":21}},"loc":{"start":{"line":366,"column":30},"end":{"line":370,"column":3}},"line":366},"29":{"name":"fieldOverlapsExisting","decl":{"start":{"line":383,"column":16},"end":{"line":383,"column":null}},"loc":{"start":{"line":387,"column":11},"end":{"line":404,"column":null}},"line":387},"30":{"name":"(anonymous_30)","decl":{"start":{"line":395,"column":30},"end":{"line":395,"column":31}},"loc":{"start":{"line":395,"column":42},"end":{"line":403,"column":3}},"line":395}},"branchMap":{"0":{"loc":{"start":{"line":118,"column":2},"end":{"line":120,"column":null}},"type":"if","locations":[{"start":{"line":118,"column":2},"end":{"line":120,"column":null}},{"start":{},"end":{}}],"line":118},"1":{"loc":{"start":{"line":129,"column":54},"end":{"line":129,"column":80}},"type":"default-arg","locations":[{"start":{"line":129,"column":66},"end":{"line":129,"column":80}}],"line":129},"2":{"loc":{"start":{"line":135,"column":2},"end":{"line":137,"column":null}},"type":"if","locations":[{"start":{"line":135,"column":2},"end":{"line":137,"column":null}},{"start":{},"end":{}}],"line":135},"3":{"loc":{"start":{"line":135,"column":6},"end":{"line":135,"column":64}},"type":"binary-expr","locations":[{"start":{"line":135,"column":6},"end":{"line":135,"column":36}},{"start":{"line":135,"column":36},"end":{"line":135,"column":64}}],"line":135},"4":{"loc":{"start":{"line":155,"column":2},"end":{"line":170,"column":null}},"type":"if","locations":[{"start":{"line":155,"column":2},"end":{"line":170,"column":null}},{"start":{},"end":{}}],"line":155},"5":{"loc":{"start":{"line":157,"column":4},"end":{"line":169,"column":null}},"type":"if","locations":[{"start":{"line":157,"column":4},"end":{"line":169,"column":null}},{"start":{},"end":{}}],"line":157},"6":{"loc":{"start":{"line":161,"column":15},"end":{"line":161,"column":null}},"type":"binary-expr","locations":[{"start":{"line":161,"column":15},"end":{"line":161,"column":45}},{"start":{"line":161,"column":45},"end":{"line":161,"column":null}}],"line":161},"7":{"loc":{"start":{"line":163,"column":6},"end":{"line":168,"column":null}},"type":"if","locations":[{"start":{"line":163,"column":6},"end":{"line":168,"column":null}},{"start":{},"end":{}}],"line":163},"8":{"loc":{"start":{"line":175,"column":11},"end":{"line":175,"column":null}},"type":"binary-expr","locations":[{"start":{"line":175,"column":11},"end":{"line":175,"column":41}},{"start":{"line":175,"column":41},"end":{"line":175,"column":null}}],"line":175},"9":{"loc":{"start":{"line":178,"column":2},"end":{"line":183,"column":null}},"type":"if","locations":[{"start":{"line":178,"column":2},"end":{"line":183,"column":null}},{"start":{},"end":{}}],"line":178},"10":{"loc":{"start":{"line":195,"column":8},"end":{"line":228,"column":null}},"type":"if","locations":[{"start":{"line":195,"column":8},"end":{"line":228,"column":null}},{"start":{},"end":{}}],"line":195},"11":{"loc":{"start":{"line":196,"column":33},"end":{"line":196,"column":53}},"type":"binary-expr","locations":[{"start":{"line":196,"column":33},"end":{"line":196,"column":48}},{"start":{"line":196,"column":48},"end":{"line":196,"column":53}}],"line":196},"12":{"loc":{"start":{"line":203,"column":10},"end":{"line":226,"column":null}},"type":"if","locations":[{"start":{"line":203,"column":10},"end":{"line":226,"column":null}},{"start":{},"end":{}}],"line":203},"13":{"loc":{"start":{"line":203,"column":14},"end":{"line":203,"column":58}},"type":"binary-expr","locations":[{"start":{"line":203,"column":14},"end":{"line":203,"column":31}},{"start":{"line":203,"column":31},"end":{"line":203,"column":58}}],"line":203},"14":{"loc":{"start":{"line":208,"column":16},"end":{"line":208,"column":null}},"type":"binary-expr","locations":[{"start":{"line":208,"column":16},"end":{"line":208,"column":51}},{"start":{"line":208,"column":51},"end":{"line":208,"column":null}}],"line":208},"15":{"loc":{"start":{"line":208,"column":30},"end":{"line":208,"column":51}},"type":"binary-expr","locations":[{"start":{"line":208,"column":30},"end":{"line":208,"column":45}},{"start":{"line":208,"column":45},"end":{"line":208,"column":51}}],"line":208},"16":{"loc":{"start":{"line":213,"column":14},"end":{"line":215,"column":null}},"type":"cond-expr","locations":[{"start":{"line":214,"column":18},"end":{"line":214,"column":null}},{"start":{"line":215,"column":18},"end":{"line":215,"column":null}}],"line":213},"17":{"loc":{"start":{"line":243,"column":6},"end":{"line":257,"column":null}},"type":"if","locations":[{"start":{"line":243,"column":6},"end":{"line":257,"column":null}},{"start":{},"end":{}}],"line":243},"18":{"loc":{"start":{"line":245,"column":10},"end":{"line":245,"column":null}},"type":"binary-expr","locations":[{"start":{"line":245,"column":10},"end":{"line":245,"column":41}},{"start":{"line":245,"column":41},"end":{"line":245,"column":null}}],"line":245},"19":{"loc":{"start":{"line":247,"column":8},"end":{"line":256,"column":null}},"type":"if","locations":[{"start":{"line":247,"column":8},"end":{"line":256,"column":null}},{"start":{},"end":{}}],"line":247},"20":{"loc":{"start":{"line":264,"column":8},"end":{"line":264,"column":null}},"type":"binary-expr","locations":[{"start":{"line":264,"column":8},"end":{"line":264,"column":44}},{"start":{"line":264,"column":44},"end":{"line":264,"column":null}}],"line":264},"21":{"loc":{"start":{"line":266,"column":6},"end":{"line":275,"column":null}},"type":"if","locations":[{"start":{"line":266,"column":6},"end":{"line":275,"column":null}},{"start":{},"end":{}}],"line":266},"22":{"loc":{"start":{"line":280,"column":4},"end":{"line":294,"column":null}},"type":"if","locations":[{"start":{"line":280,"column":4},"end":{"line":294,"column":null}},{"start":{},"end":{}}],"line":280},"23":{"loc":{"start":{"line":282,"column":18},"end":{"line":282,"column":null}},"type":"binary-expr","locations":[{"start":{"line":282,"column":18},"end":{"line":282,"column":51}},{"start":{"line":282,"column":51},"end":{"line":282,"column":null}}],"line":282},"24":{"loc":{"start":{"line":284,"column":6},"end":{"line":293,"column":null}},"type":"if","locations":[{"start":{"line":284,"column":6},"end":{"line":293,"column":null}},{"start":{},"end":{}}],"line":284},"25":{"loc":{"start":{"line":298,"column":4},"end":{"line":312,"column":null}},"type":"if","locations":[{"start":{"line":298,"column":4},"end":{"line":312,"column":null}},{"start":{},"end":{}}],"line":298},"26":{"loc":{"start":{"line":300,"column":18},"end":{"line":300,"column":null}},"type":"binary-expr","locations":[{"start":{"line":300,"column":18},"end":{"line":300,"column":51}},{"start":{"line":300,"column":51},"end":{"line":300,"column":null}}],"line":300},"27":{"loc":{"start":{"line":302,"column":6},"end":{"line":311,"column":null}},"type":"if","locations":[{"start":{"line":302,"column":6},"end":{"line":311,"column":null}},{"start":{},"end":{}}],"line":302},"28":{"loc":{"start":{"line":340,"column":4},"end":{"line":342,"column":null}},"type":"if","locations":[{"start":{"line":340,"column":4},"end":{"line":342,"column":null}},{"start":{},"end":{}}],"line":340},"29":{"loc":{"start":{"line":368,"column":4},"end":{"line":368,"column":null}},"type":"if","locations":[{"start":{"line":368,"column":4},"end":{"line":368,"column":null}},{"start":{},"end":{}}],"line":368},"30":{"loc":{"start":{"line":386,"column":2},"end":{"line":386,"column":null}},"type":"default-arg","locations":[{"start":{"line":386,"column":14},"end":{"line":386,"column":null}}],"line":386}},"s":{"0":1,"1":1,"2":1,"3":1,"4":1,"5":12,"6":24,"7":0,"8":24,"9":32,"10":32,"11":32,"12":32,"13":7,"14":7,"15":7,"16":7,"17":7,"18":2,"19":5,"20":5,"21":5,"22":5,"23":5,"24":6,"25":6,"26":5,"27":5,"28":5,"29":12,"30":12,"31":5,"32":5,"33":5,"34":1,"35":2,"36":2,"37":1,"38":1,"39":1,"40":1,"41":0,"42":8,"43":8,"44":9,"45":45,"46":173,"47":173,"48":6,"49":6,"50":6,"51":6,"52":14,"53":14,"54":6,"55":8,"56":6,"57":6,"58":6,"59":8,"60":8,"61":8,"62":9,"63":27,"64":27,"65":1,"66":2,"67":1,"68":1,"69":1,"70":9,"71":9,"72":4,"73":7,"74":4,"75":4,"76":4,"77":9,"78":9,"79":1,"80":2,"81":1,"82":1,"83":1,"84":9,"85":9,"86":0,"87":0,"88":0,"89":0,"90":0,"91":8,"92":8,"93":8,"94":12,"95":12,"96":5,"97":5,"98":12,"99":8,"100":8,"101":8,"102":8,"103":8,"104":8,"105":8,"106":1,"107":1,"108":1,"109":0,"110":8,"111":3,"112":3,"113":2,"114":2},"f":{"0":12,"1":24,"2":32,"3":32,"4":32,"5":32,"6":7,"7":6,"8":12,"9":5,"10":2,"11":1,"12":1,"13":8,"14":14,"15":8,"16":8,"17":2,"18":1,"19":7,"20":4,"21":2,"22":1,"23":0,"24":0,"25":8,"26":5,"27":8,"28":1,"29":3,"30":2},"b":{"0":[0,24],"1":[7],"2":[2,5],"3":[7,6],"4":[5,1],"5":[5,0],"6":[12,5],"7":[5,0],"8":[2,1],"9":[1,0],"10":[6,167],"11":[6,0],"12":[6,0],"13":[6,6],"14":[14,14],"15":[14,0],"16":[6,0],"17":[1,26],"18":[2,1],"19":[1,0],"20":[7,3],"21":[4,0],"22":[1,8],"23":[2,1],"24":[1,0],"25":[0,9],"26":[0,0],"27":[0,0],"28":[8,4],"29":[1,0],"30":[3]},"meta":{"lastBranch":31,"lastFunction":31,"lastStatement":115,"seen":{"s:24:39:83:Infinity":0,"s:86:22:90:Infinity":1,"s:92:25:92:Infinity":2,"s:93:22:93:Infinity":3,"s:95:2:95:Infinity":4,"f:108:9:108:28":0,"s:109:2:114:Infinity":5,"f:117:9:117:21":1,"b:118:2:120:Infinity:undefined:undefined:undefined:undefined":0,"s:118:2:120:Infinity":6,"s:119:4:119:Infinity":7,"s:121:2:126:Infinity":8,"f:122:30:122:31":2,"s:122:37:122:41":9,"f:123:30:123:31":3,"s:123:37:123:41":10,"f:124:30:124:31":4,"s:124:37:124:41":11,"f:125:30:125:31":5,"s:125:37:125:41":12,"f:129:9:129:22":6,"b:129:66:129:80":1,"s:130:22:130:Infinity":13,"s:131:22:131:Infinity":14,"s:132:22:132:Infinity":15,"s:133:22:133:Infinity":16,"b:135:2:137:Infinity:undefined:undefined:undefined:undefined":2,"s:135:2:137:Infinity":17,"b:135:6:135:36:135:36:135:64":3,"s:136:4:136:Infinity":18,"s:139:8:139:Infinity":19,"s:140:8:140:Infinity":20,"s:141:8:141:Infinity":21,"s:142:18:142:Infinity":22,"s:144:2:144:Infinity":23,"f:147:9:147:Infinity":7,"s:153:24:153:Infinity":24,"b:155:2:170:Infinity:undefined:undefined:undefined:undefined":4,"s:155:2:170:Infinity":25,"s:156:18:156:Infinity":26,"b:157:4:169:Infinity:undefined:undefined:undefined:undefined":5,"s:157:4:169:Infinity":27,"s:159:25:162:Infinity":28,"f:159:43:159:44":8,"s:160:26:160:Infinity":29,"s:161:8:161:Infinity":30,"b:161:15:161:45:161:45:161:Infinity":6,"b:163:6:168:Infinity:undefined:undefined:undefined:undefined":7,"s:163:6:168:Infinity":31,"s:164:8:167:Infinity":32,"f:166:43:166:44":9,"s:166:50:166:56":33,"s:173:21:176:Infinity":34,"f:173:39:173:40":10,"s:174:22:174:Infinity":35,"s:175:4:175:Infinity":36,"b:175:11:175:41:175:41:175:Infinity":8,"b:178:2:183:Infinity:undefined:undefined:undefined:undefined":9,"s:178:2:183:Infinity":37,"s:179:4:182:Infinity":38,"f:180:27:180:28":11,"s:180:34:180:40":39,"f:181:39:181:40":12,"s:181:46:181:52":40,"s:185:2:185:Infinity":41,"f:188:9:188:29":13,"s:189:34:189:Infinity":42,"s:191:2:231:Infinity":43,"s:192:4:230:Infinity":44,"s:193:6:229:Infinity":45,"s:194:22:194:Infinity":46,"b:195:8:228:Infinity:undefined:undefined:undefined:undefined":10,"s:195:8:228:Infinity":47,"s:196:16:196:Infinity":48,"b:196:33:196:48:196:48:196:53":11,"s:197:32:201:Infinity":49,"b:203:10:226:Infinity:undefined:undefined:undefined:undefined":12,"s:203:10:226:Infinity":50,"b:203:14:203:31:203:31:203:58":13,"s:205:31:210:Infinity":51,"f:205:49:205:50":14,"s:206:32:206:Infinity":52,"s:207:14:208:Infinity":53,"b:208:16:208:51:208:51:208:Infinity":14,"b:208:30:208:45:208:45:208:51":15,"s:213:14:215:Infinity":54,"b:214:18:214:Infinity:215:18:215:Infinity":16,"f:214:45:214:46":15,"s:214:52:214:58":55,"s:216:33:216:Infinity":56,"s:218:12:225:Infinity":57,"s:227:10:227:Infinity":58,"s:233:2:233:Infinity":59,"f:236:9:236:32":16,"s:237:34:237:Infinity":60,"s:239:2:313:Infinity":61,"s:241:4:258:Infinity":62,"s:242:20:242:Infinity":63,"b:243:6:257:Infinity:undefined:undefined:undefined:undefined":17,"s:243:6:257:Infinity":64,"s:244:29:246:Infinity":65,"f:244:47:244:48":17,"s:245:10:245:Infinity":66,"b:245:10:245:41:245:41:245:Infinity":18,"b:247:8:256:Infinity:undefined:undefined:undefined:undefined":19,"s:247:8:256:Infinity":67,"s:248:10:255:Infinity":68,"f:251:66:251:67":18,"s:251:73:251:79":69,"s:261:28:261:Infinity":70,"s:262:4:276:Infinity":71,"s:263:27:265:Infinity":72,"f:263:45:263:46":19,"s:264:8:264:Infinity":73,"b:264:8:264:44:264:44:264:Infinity":20,"b:266:6:275:Infinity:undefined:undefined:undefined:undefined":21,"s:266:6:275:Infinity":74,"s:267:8:274:Infinity":75,"f:270:64:270:65":20,"s:270:71:270:77":76,"s:279:23:279:Infinity":77,"b:280:4:294:Infinity:undefined:undefined:undefined:undefined":22,"s:280:4:294:Infinity":78,"s:281:27:283:Infinity":79,"f:282:8:282:9":21,"s:282:18:282:Infinity":80,"b:282:18:282:51:282:51:282:Infinity":23,"b:284:6:293:Infinity:undefined:undefined:undefined:undefined":24,"s:284:6:293:Infinity":81,"s:285:8:292:Infinity":82,"f:288:64:288:65":22,"s:288:71:288:77":83,"s:297:23:297:Infinity":84,"b:298:4:312:Infinity:undefined:undefined:undefined:undefined":25,"s:298:4:312:Infinity":85,"s:299:27:301:Infinity":86,"f:300:8:300:9":23,"s:300:18:300:Infinity":87,"b:300:18:300:51:300:51:300:Infinity":26,"b:302:6:311:Infinity:undefined:undefined:undefined:undefined":27,"s:302:6:311:Infinity":88,"s:303:8:310:Infinity":89,"f:306:64:306:65":24,"s:306:71:306:77":90,"s:315:2:315:Infinity":91,"f:318:9:318:27":25,"s:319:34:319:Infinity":92,"s:321:2:343:Infinity":93,"s:322:35:327:Infinity":94,"s:330:21:338:Infinity":95,"f:330:33:330:34":26,"s:331:40:336:Infinity":96,"s:337:6:337:Infinity":97,"b:340:4:342:Infinity:undefined:undefined:undefined:undefined":28,"s:340:4:342:Infinity":98,"s:341:6:341:Infinity":99,"s:345:2:345:Infinity":100,"f:354:16:354:29":27,"s:356:24:356:Infinity":101,"s:359:27:359:Infinity":102,"s:362:20:362:Infinity":103,"s:363:23:363:Infinity":104,"s:366:2:370:Infinity":105,"f:366:20:366:21":28,"s:367:18:367:Infinity":106,"b:368:4:368:Infinity:undefined:undefined:undefined:undefined":29,"s:368:4:368:Infinity":107,"s:368:30:368:Infinity":108,"s:369:4:369:Infinity":109,"s:372:2:372:Infinity":110,"f:383:16:383:Infinity":29,"b:386:14:386:Infinity":30,"s:388:33:393:Infinity":111,"s:395:2:403:Infinity":112,"f:395:30:395:31":30,"s:396:36:401:Infinity":113,"s:402:4:402:Infinity":114}}}
,"/home/barry/lynk/src/core/layout/layoutAlgorithms.ts": {"path":"/home/barry/lynk/src/core/layout/layoutAlgorithms.ts","statementMap":{"0":{"start":{"line":12,"column":39},"end":{"line":17,"column":null}},"1":{"start":{"line":21,"column":2},"end":{"line":21,"column":null}},"2":{"start":{"line":25,"column":19},"end":{"line":25,"column":null}},"3":{"start":{"line":37,"column":17},"end":{"line":37,"column":null}},"4":{"start":{"line":38,"column":18},"end":{"line":38,"column":null}},"5":{"start":{"line":38,"column":43},"end":{"line":38,"column":47}},"6":{"start":{"line":41,"column":24},"end":{"line":41,"column":null}},"7":{"start":{"line":42,"column":24},"end":{"line":42,"column":null}},"8":{"start":{"line":43,"column":2},"end":{"line":46,"column":null}},"9":{"start":{"line":44,"column":4},"end":{"line":44,"column":null}},"10":{"start":{"line":45,"column":4},"end":{"line":45,"column":null}},"11":{"start":{"line":47,"column":2},"end":{"line":52,"column":null}},"12":{"start":{"line":48,"column":4},"end":{"line":51,"column":null}},"13":{"start":{"line":49,"column":6},"end":{"line":49,"column":null}},"14":{"start":{"line":50,"column":6},"end":{"line":50,"column":null}},"15":{"start":{"line":55,"column":38},"end":{"line":55,"column":null}},"16":{"start":{"line":56,"column":26},"end":{"line":56,"column":null}},"17":{"start":{"line":58,"column":2},"end":{"line":75,"column":null}},"18":{"start":{"line":59,"column":21},"end":{"line":59,"column":null}},"19":{"start":{"line":60,"column":21},"end":{"line":60,"column":null}},"20":{"start":{"line":61,"column":27},"end":{"line":61,"column":null}},"21":{"start":{"line":63,"column":4},"end":{"line":74,"column":null}},"22":{"start":{"line":65,"column":6},"end":{"line":65,"column":null}},"23":{"start":{"line":66,"column":6},"end":{"line":66,"column":null}},"24":{"start":{"line":67,"column":4},"end":{"line":74,"column":null}},"25":{"start":{"line":69,"column":6},"end":{"line":69,"column":null}},"26":{"start":{"line":70,"column":4},"end":{"line":74,"column":null}},"27":{"start":{"line":72,"column":6},"end":{"line":72,"column":null}},"28":{"start":{"line":73,"column":6},"end":{"line":73,"column":null}},"29":{"start":{"line":78,"column":16},"end":{"line":78,"column":null}},"30":{"start":{"line":79,"column":18},"end":{"line":79,"column":null}},"31":{"start":{"line":81,"column":2},"end":{"line":100,"column":null}},"32":{"start":{"line":82,"column":20},"end":{"line":82,"column":null}},"33":{"start":{"line":83,"column":25},"end":{"line":83,"column":null}},"34":{"start":{"line":85,"column":20},"end":{"line":85,"column":null}},"35":{"start":{"line":86,"column":4},"end":{"line":99,"column":null}},"36":{"start":{"line":87,"column":28},"end":{"line":87,"column":null}},"37":{"start":{"line":88,"column":23},"end":{"line":88,"column":null}},"38":{"start":{"line":91,"column":6},"end":{"line":93,"column":null}},"39":{"start":{"line":92,"column":8},"end":{"line":92,"column":null}},"40":{"start":{"line":95,"column":6},"end":{"line":98,"column":null}},"41":{"start":{"line":96,"column":8},"end":{"line":96,"column":null}},"42":{"start":{"line":97,"column":8},"end":{"line":97,"column":null}},"43":{"start":{"line":103,"column":17},"end":{"line":103,"column":null}},"44":{"start":{"line":104,"column":2},"end":{"line":106,"column":null}},"45":{"start":{"line":105,"column":4},"end":{"line":105,"column":null}},"46":{"start":{"line":105,"column":26},"end":{"line":105,"column":null}},"47":{"start":{"line":109,"column":20},"end":{"line":109,"column":null}},"48":{"start":{"line":110,"column":2},"end":{"line":112,"column":null}},"49":{"start":{"line":111,"column":4},"end":{"line":111,"column":null}},"50":{"start":{"line":115,"column":2},"end":{"line":119,"column":null}},"51":{"start":{"line":116,"column":4},"end":{"line":118,"column":null}},"52":{"start":{"line":117,"column":6},"end":{"line":117,"column":null}},"53":{"start":{"line":121,"column":2},"end":{"line":121,"column":null}},"54":{"start":{"line":133,"column":15},"end":{"line":133,"column":null}},"55":{"start":{"line":136,"column":22},"end":{"line":136,"column":null}},"56":{"start":{"line":136,"column":42},"end":{"line":136,"column":60}},"57":{"start":{"line":137,"column":21},"end":{"line":137,"column":null}},"58":{"start":{"line":137,"column":41},"end":{"line":137,"column":59}},"59":{"start":{"line":139,"column":2},"end":{"line":141,"column":null}},"60":{"start":{"line":140,"column":4},"end":{"line":140,"column":null}},"61":{"start":{"line":144,"column":17},"end":{"line":144,"column":null}},"62":{"start":{"line":147,"column":23},"end":{"line":147,"column":null}},"63":{"start":{"line":148,"column":2},"end":{"line":154,"column":null}},"64":{"start":{"line":149,"column":18},"end":{"line":149,"column":null}},"65":{"start":{"line":150,"column":4},"end":{"line":152,"column":null}},"66":{"start":{"line":151,"column":6},"end":{"line":151,"column":null}},"67":{"start":{"line":153,"column":4},"end":{"line":153,"column":null}},"68":{"start":{"line":157,"column":23},"end":{"line":157,"column":null}},"69":{"start":{"line":157,"column":70},"end":{"line":157,"column":75}},"70":{"start":{"line":159,"column":23},"end":{"line":159,"column":null}},"71":{"start":{"line":161,"column":2},"end":{"line":174,"column":null}},"72":{"start":{"line":162,"column":25},"end":{"line":162,"column":null}},"73":{"start":{"line":165,"column":4},"end":{"line":165,"column":null}},"74":{"start":{"line":165,"column":32},"end":{"line":165,"column":59}},"75":{"start":{"line":167,"column":14},"end":{"line":167,"column":null}},"76":{"start":{"line":169,"column":4},"end":{"line":173,"column":null}},"77":{"start":{"line":169,"column":17},"end":{"line":169,"column":20}},"78":{"start":{"line":170,"column":19},"end":{"line":170,"column":null}},"79":{"start":{"line":171,"column":16},"end":{"line":171,"column":null}},"80":{"start":{"line":172,"column":6},"end":{"line":172,"column":null}},"81":{"start":{"line":177,"column":2},"end":{"line":186,"column":null}},"82":{"start":{"line":178,"column":19},"end":{"line":178,"column":null}},"83":{"start":{"line":179,"column":4},"end":{"line":181,"column":null}},"84":{"start":{"line":180,"column":6},"end":{"line":180,"column":null}},"85":{"start":{"line":182,"column":4},"end":{"line":182,"column":null}},"86":{"start":{"line":185,"column":29},"end":{"line":185,"column":52}},"87":{"start":{"line":197,"column":15},"end":{"line":197,"column":null}},"88":{"start":{"line":199,"column":22},"end":{"line":199,"column":null}},"89":{"start":{"line":199,"column":42},"end":{"line":199,"column":75}},"90":{"start":{"line":201,"column":2},"end":{"line":203,"column":null}},"91":{"start":{"line":202,"column":4},"end":{"line":202,"column":null}},"92":{"start":{"line":205,"column":23},"end":{"line":205,"column":null}},"93":{"start":{"line":207,"column":2},"end":{"line":214,"column":null}},"94":{"start":{"line":207,"column":15},"end":{"line":207,"column":18}},"95":{"start":{"line":208
[...]
,"loc":{"start":{"line":68,"column":28},"end":{"line":73,"column":null}},"line":68},"2":{"name":"toAbsolutePosition","decl":{"start":{"line":76,"column":16},"end":{"line":76,"column":null}},"loc":{"start":{"line":79,"column":28},"end":{"line":84,"column":null}},"line":79},"3":{"name":"applyGroupAutoFit","decl":{"start":{"line":97,"column":16},"end":{"line":97,"column":34}},"loc":{"start":{"line":97,"column":65},"end":{"line":177,"column":null}},"line":97},"4":{"name":"(anonymous_4)","decl":{"start":{"line":102,"column":32},"end":{"line":102,"column":33}},"loc":{"start":{"line":102,"column":39},"end":{"line":102,"column":61}},"line":102},"5":{"name":"(anonymous_5)","decl":{"start":{"line":120,"column":30},"end":{"line":120,"column":31}},"loc":{"start":{"line":120,"column":37},"end":{"line":120,"column":53}},"line":120}},"branchMap":{"0":{"loc":{"start":{"line":48,"column":18},"end":{"line":48,"column":null}},"type":"binary-expr","locations":[{"start":{"line":48,"column":18},"end":{"line":48,"column":42}},{"start":{"line":48,"column":42},"end":{"line":48,"column":null}}],"line":48},"1":{"loc":{"start":{"line":49,"column":19},"end":{"line":49,"column":null}},"type":"binary-expr","locations":[{"start":{"line":49,"column":19},"end":{"line":49,"column":44}},{"start":{"line":49,"column":44},"end":{"line":49,"column":null}}],"line":49},"2":{"loc":{"start":{"line":101,"column":4},"end":{"line":111,"column":null}},"type":"if","locations":[{"start":{"line":101,"column":4},"end":{"line":111,"column":null}},{"start":{},"end":{}}],"line":101},"3":{"loc":{"start":{"line":103,"column":6},"end":{"line":110,"column":null}},"type":"if","locations":[{"start":{"line":103,"column":6},"end":{"line":110,"column":null}},{"start":{},"end":{}}],"line":103},"4":{"loc":{"start":{"line":105,"column":8},"end":{"line":108,"column":null}},"type":"if","locations":[{"start":{"line":105,"column":8},"end":{"line":108,"column":null}},{"start":{},"end":{}}],"line":105},"5":{"loc":{"start":{"line":114,"column":2},"end":{"line":114,"column":null}},"type":"if","locations":[{"start":{"line":114,"column":2},"end":{"line":114,"column":null}},{"start":{},"end":{}}],"line":114},"6":{"loc":{"start":{"line":121,"column":4},"end":{"line":121,"column":null}},"type":"if","locations":[{"start":{"line":121,"column":4},"end":{"line":121,"column":null}},{"start":{},"end":{}}],"line":121},"7":{"loc":{"start":{"line":133,"column":26},"end":{"line":133,"column":null}},"type":"binary-expr","locations":[{"start":{"line":133,"column":26},"end":{"line":133,"column":69}},{"start":{"line":133,"column":69},"end":{"line":133,"column":94}},{"start":{"line":133,"column":94},"end":{"line":133,"column":null}}],"line":133},"8":{"loc":{"start":{"line":134,"column":27},"end":{"line":134,"column":null}},"type":"binary-expr","locations":[{"start":{"line":134,"column":27},"end":{"line":134,"column":72}},{"start":{"line":134,"column":72},"end":{"line":134,"column":98}},{"start":{"line":134,"column":98},"end":{"line":134,"column":null}}],"line":134},"9":{"loc":{"start":{"line":137,"column":4},"end":{"line":144,"column":null}},"type":"if","locations":[{"start":{"line":137,"column":4},"end":{"line":144,"column":null}},{"start":{},"end":{}}],"line":137},"10":{"loc":{"start":{"line":138,"column":6},"end":{"line":141,"column":null}},"type":"binary-expr","locations":[{"start":{"line":138,"column":6},"end":{"line":138,"column":null}},{"start":{"line":139,"column":6},"end":{"line":139,"column":null}},{"start":{"line":140,"column":6},"end":{"line":140,"column":null}},{"start":{"line":141,"column":6},"end":{"line":141,"column":null}}],"line":138},"11":{"loc":{"start":{"line":147,"column":4},"end":{"line":147,"column":null}},"type":"if","locations":[{"start":{"line":147,"column":4},"end":{"line":147,"column":null}},{"start":{},"end":{}}],"line":147},"12":{"loc":{"start":{"line":152,"column":6},"end":{"line":172,"column":null}},"type":"if","locations":[{"start":{"line":152,"column":6},"end":{"line":172,"column":null}},{"start":{"line":163,"column":6},"end":{"line":172,"column":null}}],"line":152},"13":{"loc":{"start":{"line":163,"column":6},"end":{"line":172,"column":null}},"type":"if","locations":[{"start":{"line":163,"column":6},"end":{"line":172,"column":null}},{"start":{},"end":{}}],"line":163},"14":{"loc":{"start":{"line":176,"column":9},"end":{"line":176,"column":null}},"type":"cond-expr","locations":[{"start":{"line":176,"column":19},"end":{"line":176,"column":28}},{"start":{"line":176,"column":28},"end":{"line":176,"column":null}}],"line":176}},"s":{"0":6,"1":6,"2":6,"3":6,"4":6,"5":6,"6":6,"7":6,"8":6,"9":7,"10":7,"11":7,"12":7,"13":7,"14":7,"15":6,"16":3,"17":2,"18":6,"19":3,"20":3,"21":5,"22":2,"23":2,"24":2,"25":2,"26":2,"27":2,"28":2,"29":2,"30":3,"31":1,"32":2,"33":2,"34":2,"35":2,"36":2,"37":2,"38":0,"39":2,"40":2,"41":2,"42":2,"43":2,"44":2,"45":2,"46":2,"47":1,"48":1,"49":1,"50":1,"51":1,"52":1,"53":2,"54":2,"55":1,"56":1,"57":1,"58":2},"f":{"0":6,"1":3,"2":2,"3":3,"4":2,"5":2},"b":{"0":[7,3],"1":[7,3],"2":[2,3],"3":[2,0],"4":[2,0],"5":[1,2],"6":[0,2],"7":[2,0,0],"8":[2,0,0],"9":[1,1],"10":[2,1,1,1],"11":[1,0],"12":[1,1],"13":[1,0],"14":[1,1]},"meta":{"lastBranch":15,"lastFunction":6,"lastStatement":59,"seen":{"s:15:34:15:Infinity":0,"s:16:35:16:Infinity":1,"s:19:29:19:Infinity":2,"s:20:35:20:Infinity":3,"f:41:16:41:37":0,"s:42:13:42:Infinity":4,"s:43:13:43:Infinity":5,"s:44:13:44:Infinity":6,"s:45:13:45:Infinity":7,"s:47:2:55:Infinity":8,"s:48:18:48:Infinity":9,"b:48:18:48:42:48:42:48:Infinity":0,"s:49:19:49:Infinity":10,"b:49:19:49:44:49:44:49:Infinity":1,"s:51:4:51:Infinity":11,"s:52:4:52:Infinity":12,"s:53:4:53:Infinity":13,"s:54:4:54:Infinity":14,"s:57:2:57:Infinity":15,"f:65:16:65:Infinity":1,"s:69:2:72:Infinity":16,"f:76:16:76:Infinity":2,"s:80:2:83:Infinity":17,"s:91:25:91:Infinity":18,"f:97:16:97:34":3,"s:99:26:99:Infinity":19,"s:100:2:112:Infinity":20,"b:101:4:111:Infinity:undefined:undefined:undefined:undefined":2,"s:101:4:111:Infinity":21,"s:102:21:102:Infinity":22,"f:102:32:102:33":4,"s:102:39:102:61":23,"b:103:6:110:Infinity:undefined:undefined:undefined:undefined":3,"s:103:6:110:Infinity":24,"s:104:23:104:Infinity":25,"b:105:8:108:Infinity:undefined:undefined:undefined:undefined":4,"s:105:8:108:Infinity":26,"s:106:10:106:Infinity":27,"s:107:10:107:Infinity":28,"s:109:8:109:Infinity":29,"b:114:2:114:Infinity:undefined:undefined:undefined:undefined":5,"s:114:2:114:Infinity":30,"s:114:34:114:Infinity":31,"s:116:15:116:Infinity":32,"s:117:16:117:Infinity":33,"s:119:2:174:Infinity":34,"s:120:18:120:Infinity":35,"f:120:30:120:31":5,"s:120:37:120:53":36,"b:121:4:121:Infinity:undefined:undefined:undefined:undefined":6,"s:121:4:121:Infinity":37,"s:121:16:121:Infinity":38,"s:124:17:124:Infinity":39,"s:127:19:127:Infinity":40,"s:128:19:128:Infinity":41,"s:130:21:130:Infinity":42,"s:131:22:131:Infinity":43,"s:133:26:133:Infinity":44,"b:133:26:133:69:133:69:133:94:133:94:133:Infinity":7,"s:134:27:134:Infinity":45,"b:134:27:134:72:134:72:134:98:134:98:134:Infinity":8,"b:137:4:144:Infinity:undefined:undefined:undefined:undefined":9,"s:137:4:144:Infinity":46,"b:138:6:138:Infinity:139:6:139:Infinity:140:6:140:Infinity:141:6:141:Infinity":10,"s:143:6:143:Infinity":47,"s:146:4:146:Infinity":48,"b:147:4:147:Infinity:undefined:undefined:undefined:undefined":11,"s:147:4:147:Infinity":49,"s:147:26:147:Infinity":50,"s:149:4:173:Infinity":51,"s:149:17:149:20":52,"s:150:19:150:Infinity":53,"b:152:6:172:Infinity:163:6:172:Infinity":12,"s:152:6:172:Infinity":54,"s:154:8:162:Infinity":55,"b:163:6:172:Infinity:undefined:undefined:undefined:undefined":13,"s:163:6:172:Infinity":56,"s:165:8:171:Infinity":57,"s:176:2:176:Infinity":58,"b:176:19:176:28:176:28:176:Infinity":14}}}
,"/home/barry/lynk/src/utils/id.ts": {"path":"/home/barry/lynk/src/utils/id.ts","statementMap":{"0":{"start":{"line":5,"column":2},"end":{"line":5,"column":null}}},"fnMap":{"0":{"name":"generateId","decl":{"start":{"line":4,"column":16},"end":{"line":4,"column":27}},"loc":{"start":{"line":4,"column":51},"end":{"line":6,"column":null}},"line":4}},"branchMap":{},"s":{"0":138},"f":{"0":138},"b":{},"meta":{"lastBranch":0,"lastFunction":1,"lastStatement":1,"seen":{"f:4:16:4:27":0,"s:5:2:5:Infinity":0}}}
,"/home/barry/lynk/src/utils/regions.ts": {"path":"/home/barry/lynk/src/utils/regions.ts","statementMap":{"0":{"start":{"line":11,"column":2},"end":{"line":18,"column":null}},"1":{"start":{"line":13,"column":6},"end":{"line":13,"column":null}},"2":{"start":{"line":15,"column":6},"end":{"line":15,"column":null}},"3":{"start":{"line":17,"column":6},"end":{"line":17,"column":null}},"4":{"start":{"line":29,"column":2},"end":{"line":38,"column":null}},"5":{"start":{"line":50,"column":8},"end":{"line":50,"column":null}},"6":{"start":{"line":51,"column":16},"end":{"line":51,"column":null}},"7":{"start":{"line":53,"column":2},"end":{"line":62,"column":null}}},"fnMap":{"0":{"name":"normalizeExtractedValue","decl":{"start":{"line":10,"column":16},"end":{"line":10,"column":40}},"loc":{"start":{"line":10,"column":95},"end":{"line":19,"column":null}},"line":10},"1":{"name":"createRegionFromBox","decl":{"start":{"line":24,"column":16},"end":{"line":24,"column":null}},"loc":{"start":{"line":28,"column":19},"end":{"line":39,"column":null}},"line":28},"2":{"name":"createRegionFromText","decl":{"start":{"line":45,"column":16},"end":{"line":45,"column":null}},"loc":{"start":{"line":49,"column":19},"end":{"line":63,"column":null}},"line":49}},"branchMap":{"0":{"loc":{"start":{"line":11,"column":2},"end":{"line":18,"column":null}},"type":"switch","locations":[{"start":{"line":12,"column":4},"end":{"line":13,"column":null}},{"start":{"line":14,"column":4},"end":{"line":15,"column":null}},{"start":{"line":16,"column":4},"end":{"line":17,"column":null}}],"line":11},"1":{"loc":{"start":{"line":13,"column":6},"end":{"line":13,"column":null}},"type":"binary-expr","locations":[{"start":{"line":13,"column":6},"end":{"line":13,"column":38}},{"start":{"line":13,"column":38},"end":{"line":13,"column":null}}],"line":13}},"s":{"0":9,"1":2,"2":3,"3":4,"4":1,"5":3,"6":3,"7":3},"f":{"0":9,"1":1,"2":3},"b":{"0":[2,3,4],"1":[2,1]},"meta":{"lastBranch":2,"lastFunction":3,"lastStatement":8,"seen":{"f:10:16:10:40":0,"b:12:4:13:Infinity:14:4:15:Infinity:16:4:17:Infinity":0,"s:11:2:18:Infinity":0,"s:13:6:13:Infinity":1,"b:13:6:13:38:13:38:13:Infinity":1,"s:15:6:15:Infinity":2,"s:17:6:17:Infinity":3,"f:24:16:24:Infinity":1,"s:29:2:38:Infinity":4,"f:45:16:45:Infinity":2,"s:50:8:50:Infinity":5,"s:51:16:51:Infinity":6,"s:53:2:62:Infinity":7}}}
,"/home/barry/lynk/src/utils/suggestions.ts": {"path":"/home/barry/lynk/src/utils/suggestions.ts","statementMap":{"0":{"start":{"line":19,"column":36},"end":{"line":19,"column":null}},"1":{"start":{"line":21,"column":18},"end":{"line":21,"column":null}},"2":{"start":{"line":21,"column":42},"end":{"line":21,"column":null}},"3":{"start":{"line":21,"column":60},"end":{"line":21,"column":75}},"4":{"start":{"line":22,"column":22},"end":{"line":22,"column":null}},"5":{"start":{"line":22,"column":46},"end":{"line":22,"column":null}},"6":{"start":{"line":22,"column":66},"end":{"line":22,"column":81}},"7":{"start":{"line":25,"column":2},"end":{"line":30,"column":null}},"8":{"start":{"line":26,"column":4},"end":{"line":29,"column":null}},"9":{"start":{"line":33,"column":32},"end":{"line":35,"column":null}},"10":{"start":{"line":34,"column":11},"end":{"line":34,"column":null}},"11":{"start":{"line":36,"column":2},"end":{"line":42,"column":null}},"12":{"start":{"line":37,"column":4},"end":{"line":41,"column":null}},"13":{"start":{"line":45,"column":2},"end":{"line":51,"column":null}},"14":{"start":{"line":46,"column":4},"end":{"line":50,"column":null}},"15":{"start":{"line":54,"column":27},"end":{"line":56,"column":null}},"16":{"start":{"line":55,"column":11},"end":{"line":55,"column":null}},"17":{"start":{"line":57,"column":2},"end":{"line":69,"column":null}},"18":{"start":{"line":58,"column":20},"end":{"line":58,"column":null}},"19":{"start":{"line":58,"column":56},"end":{"line":58,"column":60}},"20":{"start":{"line":59,"column":31},"end":{"line":61,"column":null}},"21":{"start":{"line":60,"column":13},"end":{"line":60,"column":null}},"22":{"start":{"line":60,"column":56},"end":{"line":60,"column":95}},"23":{"start":{"line":62,"column":4},"end":{"line":68,"column":null}},"24":{"start":{"line":63,"column":6},"end":{"line":67,"column":null}},"25":{"start":{"line":72,"column":2},"end":{"line":78,"column":null}},"26":{"start":{"line":73,"column":4},"end":{"line":77,"column":null}},"27":{"start":{"line":80,"column":2},"end":{"line":80,"column":null}}},"fnMap":{"0":{"name":"getSuggestions","decl":{"start":{"line":18,"column":16},"end":{"line":18,"column":31}},"loc":{"start":{"line":18,"column":79},"end":{"line":81,"column":null}},"line":18},"1":{"name":"(anonymous_1)","decl":{"start":{"line":21,"column":18},"end":{"line":21,"column":19}},"loc":{"start":{"line":21,"column":42},"end":{"line":21,"column":null}},"line":21},"2":{"name":"(anonymous_2)","decl":{"start":{"line":21,"column":53},"end":{"line":21,"column":54}},"loc":{"start":{"line":21,"column":60},"end":{"line":21,"column":75}},"line":21},"3":{"name":"(anonymous_3)","decl":{"start":{"line":22,"column":22},"end":{"line":22,"column":23}},"loc":{"start":{"line":22,"column":46},"end":{"line":22,"column":null}},"line":22},"4":{"name":"(anonymous_4)","decl":{"start":{"line":22,"column":59},"end":{"line":22,"column":60}},"loc":{"start":{"line":22,"column":66},"end":{"line":22,"column":81}},"line":22},"5":{"name":"(anonymous_5)","decl":{"start":{"line":34,"column":4},"end":{"line":34,"column":5}},"loc":{"start":{"line":34,"column":11},"end":{"line":34,"column":null}},"line":34},"6":{"name":"(anonymous_6)","decl":{"start":{"line":55,"column":4},"end":{"line":55,"column":5}},"loc":{"start":{"line":55,"column":11},"end":{"line":55,"column":null}},"line":55},"7":{"name":"(anonymous_7)","decl":{"start":{"line":58,"column":49},"end":{"line":58,"column":50}},"loc":{"start":{"line":58,"column":56},"end":{"line":58,"column":60}},"line":58},"8":{"name":"(anonymous_8)","decl":{"start":{"line":60,"column":6},"end":{"line":60,"column":7}},"loc":{"start":{"line":60,"column":13},"end":{"line":60,"column":null}},"line":60},"9":{"name":"(anonymous_9)","decl":{"start":{"line":60,"column":49},"end":{"line":60,"column":50}},"loc":{"start":{"line":60,"column":56},"end":{"line":60,"column":95}},"line":60}},"branchMap":{"0":{"loc":{"start":{"line":25,"column":2},"end":{"line":30,"column":null}},"type":"if","locations":[{"start":{"line":25,"column":2},"end":{"line":30,"column":null}},{"start":{},"end":{}}],"line":25},"1":{"loc":{"start":{"line":25,"column":6},"end":{"line":25,"column":47}},"type":"binary-expr","locations":[{"start":{"line":25,"column":6},"end":{"line":25,"column":27}},{"start":{"line":25,"column":27},"end":{"line":25,"column":47}}],"line":25},"2":{"loc":{"start":{"line":34,"column":11},"end":{"line":34,"column":null}},"type":"binary-expr","locations":[{"start":{"line":34,"column":11},"end":{"line":34,"column":34}},{"start":{"line":34,"column":34},"end":{"line":34,"column":null}}],"line":34},"3":{"loc":{"start":{"line":36,"column":2},"end":{"line":42,"column":null}},"type":"if","locations":[{"start":{"line":36,"column":2},"end":{"line":42,"column":null}},{"start":{},"end":{}}],"line":36},"4":{"loc":{"start":{"line":36,"column":6},"end":{"line":36,"column":88}},"type":"binary-expr","locations":[{"start":{"line":36,"column":6},"end":{"line":36,"column":42}},{"start":{"line":36,"column":42},"end":{"line":36,"column":69}},{"start":{"line":36,"column":69},"end":{"line":36,"column":88}}],"line":36},"5":{"loc":{"start":{"line":45,"column":2},"end":{"line":51,"column":null}},"type":"if","locations":[{"start":{"line":45,"column":2},"end":{"line":51,"column":null}},{"start":{},"end":{}}],"line":45},"6":{"loc":{"start":{"line":45,"column":6},"end":{"line":45,"column":61}},"type":"binary-expr","locations":[{"start":{"line":45,"column":6},"end":{"line":45,"column":42}},{"start":{"line":45,"column":42},"end":{"line":45,"column":61}}],"line":45},"7":{"loc":{"start":{"line":55,"column":11},"end":{"line":55,"column":null}},"type":"binary-expr","locations":[{"start":{"line":55,"column":11},"end":{"line":55,"column":36}},{"start":{"line":55,"column":36},"end":{"line":55,"column":null}}],"line":55},"8":{"loc":{"start":{"line":57,"column":2},"end":{"line":69,"column":null}},"type":"if","locations":[{"start":{"line":57,"column":2},"end":{"line":69,"column":null}},{"start":{},"end":{}}],"line":57},"9":{"loc":{"start":{"line":60,"column":13},"end":{"line":60,"column":null}},"type":"binary-expr","locations":[{"start":{"line":60,"column":13},"end":{"line":60,"column":38}},{"start":{"line":60,"column":38},"end":{"line":60,"column":null}}],"line":60},"10":{"loc":{"start":{"line":60,"column":56},"end":{"line":60,"column":95}},"type":"binary-expr","locations":[{"start":{"line":60,"column":56},"end":{"line":60,"column":77}},{"start":{"line":60,"column":77},"end":{"line":60,"column":95}}],"line":60},"11":{"loc":{"start":{"line":62,"column":4},"end":{"line":68,"column":null}},"type":"if","locations":[{"start":{"line":62,"column":4},"end":{"line":68,"column":null}},{"start":{},"end":{}}],"line":62},"12":{"loc":{"start":{"line":62,"column":8},"end":{"line":62,"column":59}},"type":"binary-expr","locations":[{"start":{"line":62,"column":8},"end":{"line":62,"column":31}},{"start":{"line":62,"column":31},"end":{"line":62,"column":59}}],"line":62},"13":{"loc":{"start":{"line":72,"column":2},"end":{"line":78,"column":null}},"type":"if","locations":[{"start":{"line":72,"column":2},"end":{"line":78,"column":null}},{"start":{},"end":{}}],"line":72},"14":{"loc":{"start":{"line":72,"column":6},"end":{"line":72,"column":65}},"type":"binary-expr","locations":[{"start":{"line":72,"column":6},"end":{"line":72,"column":46}},{"start":{"line":72,"column":46},"end":{"line":72,"column":65}}],"line":72}},"s":{"0":8,"1":8,"2":10,"3":13,"4":8,"5":24,"6":36,"7":8,"8":3,"9":8,"10":7,"11":8,"12":2,"13":8,"14":3,"15":8,"16":4,"17":8,"18":2,"19":2,"20":2,"21":1,"22":2,"23":2,"24":1,"25":8,"26":1,"27":8},"f":{"0":8,"1":10,"2":13,"3":24,"4":36,"5":7,"6":4,"7":2,"8":1,"9":2},"b":{"0":[3,5],"1":[8,4],"2":[7,7],"3":[2,6],"4":[8,3,2],"5":[3,5],"6":[8,3],"7":[4,4],"8":[2,6],"9":[1,1],"10":[2,1],"11":[1,1],"12":[2,1],"13":[1,7],"14":[8,1]},"meta":{"lastBranch":15,"lastFunction":10,"lastStatement":28,"seen":{"f:18:16:18:31":0,"s:19:36:19:Infinity":0,"s:21:18:21:Infinity":1,"f:21:18:21:19":1,"s:21:42:21:Infinity":2,"f:21:53:21:54":2,"s:21:60:21:75":3,"s:22:22:22:Infinity":4,"f:22:22:22:23":3,"s:22:46:22:Infinity":5,"f:22:59:22:60":4,"s:22:66:22:81":6,"b:25:2:30:Infinity:undefined:undefined:undefined:undefined":0,"s:25:2:30:Infinity":7,"b:25:6:25:27:25:27:25:47":1,"s:26:4:29:Infinity":8,"s:33:32:35:Infinity":9,"f:34:4:34:5":5,"s:34:11:34:Infinity":10,"b:34:11:34:34:34:34:34:Infinity":2,"b:36:2:42:Infinity:undefined:undefined:undefined:undefined":3,"s:36:2:42:Infinity":11,"b:36:6:36:42:36:42:36:69:36:69:36:88":4,"s:37:4:41:Infinity":12,"b:45:2:51:Infinity:undefined:undefined:undefined:undefined":5,"s:45:2:51:Infinity":13,"b:45:6:45:42:45:42:45:61":6,"s:46:4:50:Infinity":14,"s:54:27:56:Infinity":15,"f:55:4:55:5":6,"s:55:11:55:Infinity":16,"b:55:11:55:36:55:36:55:Infinity":7,"b:57:2:69:Infinity:undefined:undefined:undefined:undefined":8,"s:57:2:69:Infinity":17,"s:58:20:58:Infinity":18,"f:58:49:58:50":7,"s:58:56:58:60":19,"s:59:31:61:Infinity":20,"f:60:6:60:7":8,"s:60:13:60:Infinity":21,"b:60:13:60:38:60:38:60:Infinity":9,"f:60:49:60:50":9,"s:60:56:60:95":22,"b:60:56:60:77:60:77:60:95":10,"b:62:4:68:Infinity:undefined:undefined:undefined:undefined":11,"s:62:4:68:Infinity":23,"b:62:8:62:31:62:31:62:59":12,"s:63:6:67:Infinity":24,"b:72:2:78:Infinity:undefined:undefined:undefined:undefined":13,"s:72:2:78:Infinity":25,"b:72:6:72:46:72:46:72:65":14,"s:73:4:77:Infinity":26,"s:80:2:80:Infinity":27}}}
}
